2021-07-11 15:30:48,897 - mmseg - INFO - Environment info:
------------------------------------------------------------
sys.platform: linux
Python: 3.7.10 (default, Jun  4 2021, 14:48:32) [GCC 7.5.0]
CUDA available: True
GPU 0,1,2,3: NVIDIA Tesla V100-SXM2-32GB
CUDA_HOME: /usr/local/cuda-9.2
NVCC: Cuda compilation tools, release 9.2, V9.2.148
GCC: gcc (GCC) 4.8.5 20150623 (Red Hat 4.8.5-28)
PyTorch: 1.6.0+cu92
PyTorch compiling details: PyTorch built with:
  - GCC 7.3
  - C++ Version: 201402
  - Intel(R) oneAPI Math Kernel Library Version 2021.2-Product Build 20210312 for Intel(R) 64 architecture applications
  - Intel(R) MKL-DNN v1.5.0 (Git Hash e2ac1fac44c5078ca927cb9b90e1b3066a0b2ed0)
  - OpenMP 201511 (a.k.a. OpenMP 4.5)
  - NNPACK is enabled
  - CPU capability usage: AVX2
  - CUDA Runtime 9.2
  - NVCC architecture flags: -gencode;arch=compute_37,code=sm_37;-gencode;arch=compute_50,code=sm_50;-gencode;arch=compute_60,code=sm_60;-gencode;arch=compute_70,code=sm_70
  - CuDNN 7.6.3
  - Magma 2.5.2
  - Build settings: BLAS=MKL, BUILD_TYPE=Release, CXX_FLAGS= -Wno-deprecated -fvisibility-inlines-hidden -DUSE_PTHREADPOOL -fopenmp -DNDEBUG -DUSE_FBGEMM -DUSE_QNNPACK -DUSE_PYTORCH_QNNPACK -DUSE_XNNPACK -DUSE_VULKAN_WRAPPER -O2 -fPIC -Wno-narrowing -Wall -Wextra -Werror=return-type -Wno-missing-field-initializers -Wno-type-limits -Wno-array-bounds -Wno-unknown-pragmas -Wno-sign-compare -Wno-unused-parameter -Wno-unused-variable -Wno-unused-function -Wno-unused-result -Wno-unused-local-typedefs -Wno-strict-overflow -Wno-strict-aliasing -Wno-error=deprecated-declarations -Wno-stringop-overflow -Wno-error=pedantic -Wno-error=redundant-decls -Wno-error=old-style-cast -fdiagnostics-color=always -faligned-new -Wno-unused-but-set-variable -Wno-maybe-uninitialized -fno-math-errno -fno-trapping-math -Werror=format -Wno-stringop-overflow, PERF_WITH_AVX=1, PERF_WITH_AVX2=1, PERF_WITH_AVX512=1, USE_CUDA=ON, USE_EXCEPTION_PTR=1, USE_GFLAGS=OFF, USE_GLOG=OFF, USE_MKL=ON, USE_MKLDNN=ON, USE_MPI=OFF, USE_NCCL=ON, USE_NNPACK=ON, USE_OPENMP=ON, USE_STATIC_DISPATCH=OFF, 

TorchVision: 0.7.0+cu92
OpenCV: 4.5.3
MMCV: 1.1.5
MMCV Compiler: GCC 7.3
MMCV CUDA Compiler: 9.2
MMSegmentation: 0.11.0+0b8f6af
------------------------------------------------------------

2021-07-11 15:30:48,897 - mmseg - INFO - Distributed training: True
2021-07-11 15:30:49,149 - mmseg - INFO - Config:
norm_cfg = dict(type='SyncBN', requires_grad=True)
model = dict(
    type='EncoderDecoder',
    pretrained='../Models/DenseCL.pth',
    backbone=dict(
        type='ResNetNormal',
        depth=50,
        num_stages=4,
        out_indices=(0, 1, 2, 3),
        dilations=(1, 1, 2, 4),
        strides=(1, 2, 1, 1),
        norm_cfg=dict(type='SyncBN', requires_grad=True),
        norm_eval=False,
        style='pytorch',
        contract_dilation=True),
    decode_head=dict(
        type='FCNHead',
        in_channels=2048,
        in_index=3,
        channels=512,
        num_convs=2,
        concat_input=True,
        dropout_ratio=0.1,
        num_classes=21,
        norm_cfg=dict(type='SyncBN', requires_grad=True),
        align_corners=False,
        loss_decode=dict(
            type='CrossEntropyLoss', use_sigmoid=False, loss_weight=1.0)),
    auxiliary_head=dict(
        type='FCNHead',
        in_channels=1024,
        in_index=2,
        channels=256,
        num_convs=1,
        concat_input=False,
        dropout_ratio=0.1,
        num_classes=21,
        norm_cfg=dict(type='SyncBN', requires_grad=True),
        align_corners=False,
        loss_decode=dict(
            type='CrossEntropyLoss', use_sigmoid=False, loss_weight=0.4)))
train_cfg = dict()
test_cfg = dict(mode='whole')
dataset_type = 'PascalVOCDataset'
data_root = 'data/VOCdevkit/VOC2012'
img_norm_cfg = dict(
    mean=[123.675, 116.28, 103.53], std=[58.395, 57.12, 57.375], to_rgb=True)
crop_size = (512, 512)
train_pipeline = [
    dict(type='LoadImageFromFile'),
    dict(type='LoadAnnotations'),
    dict(type='Resize', img_scale=(2048, 512), ratio_range=(0.5, 2.0)),
    dict(type='RandomCrop', crop_size=(512, 512), cat_max_ratio=0.75),
    dict(type='RandomFlip', prob=0.5),
    dict(type='PhotoMetricDistortion'),
    dict(
        type='Normalize',
        mean=[123.675, 116.28, 103.53],
        std=[58.395, 57.12, 57.375],
        to_rgb=True),
    dict(type='Pad', size=(512, 512), pad_val=0, seg_pad_val=255),
    dict(type='DefaultFormatBundle'),
    dict(type='Collect', keys=['img', 'gt_semantic_seg'])
]
test_pipeline = [
    dict(type='LoadImageFromFile'),
    dict(
        type='MultiScaleFlipAug',
        img_scale=(2048, 512),
        flip=False,
        transforms=[
            dict(type='Resize', keep_ratio=True),
            dict(type='RandomFlip'),
            dict(
                type='Normalize',
                mean=[123.675, 116.28, 103.53],
                std=[58.395, 57.12, 57.375],
                to_rgb=True),
            dict(type='ImageToTensor', keys=['img']),
            dict(type='Collect', keys=['img'])
        ])
]
data = dict(
    samples_per_gpu=4,
    workers_per_gpu=4,
    train=dict(
        type='PascalVOCDataset',
        data_root='data/VOCdevkit/VOC2012',
        img_dir='JPEGImages',
        ann_dir=['SegmentationClass', 'SegmentationClassAug'],
        split=[
            'ImageSets/Segmentation/train.txt',
            'ImageSets/Segmentation/aug.txt'
        ],
        pipeline=[
            dict(type='LoadImageFromFile'),
            dict(type='LoadAnnotations'),
            dict(type='Resize', img_scale=(2048, 512), ratio_range=(0.5, 2.0)),
            dict(type='RandomCrop', crop_size=(512, 512), cat_max_ratio=0.75),
            dict(type='RandomFlip', prob=0.5),
            dict(type='PhotoMetricDistortion'),
            dict(
                type='Normalize',
                mean=[123.675, 116.28, 103.53],
                std=[58.395, 57.12, 57.375],
                to_rgb=True),
            dict(type='Pad', size=(512, 512), pad_val=0, seg_pad_val=255),
            dict(type='DefaultFormatBundle'),
            dict(type='Collect', keys=['img', 'gt_semantic_seg'])
        ]),
    val=dict(
        type='PascalVOCDataset',
        data_root='data/VOCdevkit/VOC2012',
        img_dir='JPEGImages',
        ann_dir='SegmentationClass',
        split='ImageSets/Segmentation/val.txt',
        pipeline=[
            dict(type='LoadImageFromFile'),
            dict(
                type='MultiScaleFlipAug',
                img_scale=(2048, 512),
                flip=False,
                transforms=[
                    dict(type='Resize', keep_ratio=True),
                    dict(type='RandomFlip'),
                    dict(
                        type='Normalize',
                        mean=[123.675, 116.28, 103.53],
                        std=[58.395, 57.12, 57.375],
                        to_rgb=True),
                    dict(type='ImageToTensor', keys=['img']),
                    dict(type='Collect', keys=['img'])
                ])
        ]),
    test=dict(
        type='PascalVOCDataset',
        data_root='data/VOCdevkit/VOC2012',
        img_dir='JPEGImages',
        ann_dir='SegmentationClass',
        split='ImageSets/Segmentation/val.txt',
        pipeline=[
            dict(type='LoadImageFromFile'),
            dict(
                type='MultiScaleFlipAug',
                img_scale=(2048, 512),
                flip=False,
                transforms=[
                    dict(type='Resize', keep_ratio=True),
                    dict(type='RandomFlip'),
                    dict(
                        type='Normalize',
                        mean=[123.675, 116.28, 103.53],
                        std=[58.395, 57.12, 57.375],
                        to_rgb=True),
                    dict(type='ImageToTensor', keys=['img']),
                    dict(type='Collect', keys=['img'])
                ])
        ]))
log_config = dict(
    interval=50, hooks=[dict(type='TextLoggerHook', by_epoch=False)])
dist_params = dict(backend='nccl')
log_level = 'INFO'
load_from = None
resume_from = None
workflow = [('train', 1)]
cudnn_benchmark = True
optimizer = dict(type='SGD', lr=0.01, momentum=0.9, weight_decay=0.0005)
optimizer_config = dict()
lr_config = dict(policy='poly', power=0.9, min_lr=0.0001, by_epoch=False)
runner = dict(type='IterBasedRunner', max_iters=20000)
checkpoint_config = dict(by_epoch=False, interval=2000)
evaluation = dict(interval=2000, metric='mIoU')
work_dir = 'logs/DenseCL'
gpu_ids = range(0, 1)

2021-07-11 15:30:49,831 - mmseg - INFO - EncoderDecoder(
  (backbone): ResNetNormal(
    (conv1): Conv2d(3, 64, kernel_size=(7, 7), stride=(2, 2), padding=(3, 3), bias=False)
    (bn1): SyncBatchNorm(64, eps=1e-05, momentum=0.1, affine=True, track_running_stats=True)
    (relu): ReLU(inplace=True)
    (maxpool): MaxPool2d(kernel_size=3, stride=2, padding=1, dilation=1, ceil_mode=False)
    (layer1): ResLayer(
      (0): Bottleneck(
        (conv1): Conv2d(64, 64, kernel_size=(1, 1), stride=(1, 1), bias=False)
        (bn1): SyncBatchNorm(64, eps=1e-05, momentum=0.1, affine=True, track_running_stats=True)
        (conv2): Conv2d(64, 64, kernel_size=(3, 3), stride=(1, 1), padding=(1, 1), bias=False)
        (bn2): SyncBatchNorm(64, eps=1e-05, momentum=0.1, affine=True, track_running_stats=True)
        (conv3): Conv2d(64, 256, kernel_size=(1, 1), stride=(1, 1), bias=False)
        (bn3): SyncBatchNorm(256, eps=1e-05, momentum=0.1, affine=True, track_running_stats=True)
        (relu): ReLU(inplace=True)
        (downsample): Sequential(
          (0): Conv2d(64, 256, kernel_size=(1, 1), stride=(1, 1), bias=False)
          (1): SyncBatchNorm(256, eps=1e-05, momentum=0.1, affine=True, track_running_stats=True)
        )
      )
      (1): Bottleneck(
        (conv1): Conv2d(256, 64, kernel_size=(1, 1), stride=(1, 1), bias=False)
        (bn1): SyncBatchNorm(64, eps=1e-05, momentum=0.1, affine=True, track_running_stats=True)
        (conv2): Conv2d(64, 64, kernel_size=(3, 3), stride=(1, 1), padding=(1, 1), bias=False)
        (bn2): SyncBatchNorm(64, eps=1e-05, momentum=0.1, affine=True, track_running_stats=True)
        (conv3): Conv2d(64, 256, kernel_size=(1, 1), stride=(1, 1), bias=False)
        (bn3): SyncBatchNorm(256, eps=1e-05, momentum=0.1, affine=True, track_running_stats=True)
        (relu): ReLU(inplace=True)
      )
      (2): Bottleneck(
        (conv1): Conv2d(256, 64, kernel_size=(1, 1), stride=(1, 1), bias=False)
        (bn1): SyncBatchNorm(64, eps=1e-05, momentum=0.1, affine=True, track_running_stats=True)
        (conv2): Conv2d(64, 64, kernel_size=(3, 3), stride=(1, 1), padding=(1, 1), bias=False)
        (bn2): SyncBatchNorm(64, eps=1e-05, momentum=0.1, affine=True, track_running_stats=True)
        (conv3): Conv2d(64, 256, kernel_size=(1, 1), stride=(1, 1), bias=False)
        (bn3): SyncBatchNorm(256, eps=1e-05, momentum=0.1, affine=True, track_running_stats=True)
        (relu): ReLU(inplace=True)
      )
    )
    (layer2): ResLayer(
      (0): Bottleneck(
        (conv1): Conv2d(256, 128, kernel_size=(1, 1), stride=(1, 1), bias=False)
        (bn1): SyncBatchNorm(128, eps=1e-05, momentum=0.1, affine=True, track_running_stats=True)
        (conv2): Conv2d(128, 128, kernel_size=(3, 3), stride=(2, 2), padding=(1, 1), bias=False)
        (bn2): SyncBatchNorm(128, eps=1e-05, momentum=0.1, affine=True, track_running_stats=True)
        (conv3): Conv2d(128, 512, kernel_size=(1, 1), stride=(1, 1), bias=False)
        (bn3): SyncBatchNorm(512, eps=1e-05, momentum=0.1, affine=True, track_running_stats=True)
        (relu): ReLU(inplace=True)
        (downsample): Sequential(
          (0): Conv2d(256, 512, kernel_size=(1, 1), stride=(2, 2), bias=False)
          (1): SyncBatchNorm(512, eps=1e-05, momentum=0.1, affine=True, track_running_stats=True)
        )
      )
      (1): Bottleneck(
        (conv1): Conv2d(512, 128, kernel_size=(1, 1), stride=(1, 1), bias=False)
        (bn1): SyncBatchNorm(128, eps=1e-05, momentum=0.1, affine=True, track_running_stats=True)
        (conv2): Conv2d(128, 128, kernel_size=(3, 3), stride=(1, 1), padding=(1, 1), bias=False)
        (bn2): SyncBatchNorm(128, eps=1e-05, momentum=0.1, affine=True, track_running_stats=True)
        (conv3): Conv2d(128, 512, kernel_size=(1, 1), stride=(1, 1), bias=False)
        (bn3): SyncBatchNorm(512, eps=1e-05, momentum=0.1, affine=True, track_running_stats=True)
        (relu): ReLU(inplace=True)
      )
      (2): Bottleneck(
        (conv1): Conv2d(512, 128, kernel_size=(1, 1), stride=(1, 1), bias=False)
        (bn1): SyncBatchNorm(128, eps=1e-05, momentum=0.1, affine=True, track_running_stats=True)
        (conv2): Conv2d(128, 128, kernel_size=(3, 3), stride=(1, 1), padding=(1, 1), bias=False)
        (bn2): SyncBatchNorm(128, eps=1e-05, momentum=0.1, affine=True, track_running_stats=True)
        (conv3): Conv2d(128, 512, kernel_size=(1, 1), stride=(1, 1), bias=False)
        (bn3): SyncBatchNorm(512, eps=1e-05, momentum=0.1, affine=True, track_running_stats=True)
        (relu): ReLU(inplace=True)
      )
      (3): Bottleneck(
        (conv1): Conv2d(512, 128, kernel_size=(1, 1), stride=(1, 1), bias=False)
        (bn1): SyncBatchNorm(128, eps=1e-05, momentum=0.1, affine=True, track_running_stats=True)
        (conv2): Conv2d(128, 128, kernel_size=(3, 3), stride=(1, 1), padding=(1, 1), bias=False)
        (bn2): SyncBatchNorm(128, eps=1e-05, momentum=0.1, affine=True, track_running_stats=True)
        (conv3): Conv2d(128, 512, kernel_size=(1, 1), stride=(1, 1), bias=False)
        (bn3): SyncBatchNorm(512, eps=1e-05, momentum=0.1, affine=True, track_running_stats=True)
        (relu): ReLU(inplace=True)
      )
    )
    (layer3): ResLayer(
      (0): Bottleneck(
        (conv1): Conv2d(512, 256, kernel_size=(1, 1), stride=(1, 1), bias=False)
        (bn1): SyncBatchNorm(256, eps=1e-05, momentum=0.1, affine=True, track_running_stats=True)
        (conv2): Conv2d(256, 256, kernel_size=(3, 3), stride=(1, 1), padding=(1, 1), bias=False)
        (bn2): SyncBatchNorm(256, eps=1e-05, momentum=0.1, affine=True, track_running_stats=True)
        (conv3): Conv2d(256, 1024, kernel_size=(1, 1), stride=(1, 1), bias=False)
        (bn3): SyncBatchNorm(1024, eps=1e-05, momentum=0.1, affine=True, track_running_stats=True)
        (relu): ReLU(inplace=True)
        (downsample): Sequential(
          (0): Conv2d(512, 1024, kernel_size=(1, 1), stride=(1, 1), bias=False)
          (1): SyncBatchNorm(1024, eps=1e-05, momentum=0.1, affine=True, track_running_stats=True)
        )
      )
      (1): Bottleneck(
        (conv1): Conv2d(1024, 256, kernel_size=(1, 1), stride=(1, 1), bias=False)
        (bn1): SyncBatchNorm(256, eps=1e-05, momentum=0.1, affine=True, track_running_stats=True)
        (conv2): Conv2d(256, 256, kernel_size=(3, 3), stride=(1, 1), padding=(2, 2), dilation=(2, 2), bias=False)
        (bn2): SyncBatchNorm(256, eps=1e-05, momentum=0.1, affine=True, track_running_stats=True)
        (conv3): Conv2d(256, 1024, kernel_size=(1, 1), stride=(1, 1), bias=False)
        (bn3): SyncBatchNorm(1024, eps=1e-05, momentum=0.1, affine=True, track_running_stats=True)
        (relu): ReLU(inplace=True)
      )
      (2): Bottleneck(
        (conv1): Conv2d(1024, 256, kernel_size=(1, 1), stride=(1, 1), bias=False)
        (bn1): SyncBatchNorm(256, eps=1e-05, momentum=0.1, affine=True, track_running_stats=True)
        (conv2): Conv2d(256, 256, kernel_size=(3, 3), stride=(1, 1), padding=(2, 2), dilation=(2, 2), bias=False)
        (bn2): SyncBatchNorm(256, eps=1e-05, momentum=0.1, affine=True, track_running_stats=True)
        (conv3): Conv2d(256, 1024, kernel_size=(1, 1), stride=(1, 1), bias=False)
        (bn3): SyncBatchNorm(1024, eps=1e-05, momentum=0.1, affine=True, track_running_stats=True)
        (relu): ReLU(inplace=True)
      )
      (3): Bottleneck(
        (conv1): Conv2d(1024, 256, kernel_size=(1, 1), stride=(1, 1), bias=False)
        (bn1): SyncBatchNorm(256, eps=1e-05, momentum=0.1, affine=True, track_running_stats=True)
        (conv2): Conv2d(256, 256, kernel_size=(3, 3), stride=(1, 1), padding=(2, 2), dilation=(2, 2), bias=False)
        (bn2): SyncBatchNorm(256, eps=1e-05, momentum=0.1, affine=True, track_running_stats=True)
        (conv3): Conv2d(256, 1024, kernel_size=(1, 1), stride=(1, 1), bias=False)
        (bn3): SyncBatchNorm(1024, eps=1e-05, momentum=0.1, affine=True, track_running_stats=True)
        (relu): ReLU(inplace=True)
      )
      (4): Bottleneck(
        (conv1): Conv2d(1024, 256, kernel_size=(1, 1), stride=(1, 1), bias=False)
        (bn1): SyncBatchNorm(256, eps=1e-05, momentum=0.1, affine=True, track_running_stats=True)
        (conv2): Conv2d(256, 256, kernel_size=(3, 3), stride=(1, 1), padding=(2, 2), dilation=(2, 2), bias=False)
        (bn2): SyncBatchNorm(256, eps=1e-05, momentum=0.1, affine=True, track_running_stats=True)
        (conv3): Conv2d(256, 1024, kernel_size=(1, 1), stride=(1, 1), bias=False)
        (bn3): SyncBatchNorm(1024, eps=1e-05, momentum=0.1, affine=True, track_running_stats=True)
        (relu): ReLU(inplace=True)
      )
      (5): Bottleneck(
        (conv1): Conv2d(1024, 256, kernel_size=(1, 1), stride=(1, 1), bias=False)
        (bn1): SyncBatchNorm(256, eps=1e-05, momentum=0.1, affine=True, track_running_stats=True)
        (conv2): Conv2d(256, 256, kernel_size=(3, 3), stride=(1, 1), padding=(2, 2), dilation=(2, 2), bias=False)
        (bn2): SyncBatchNorm(256, eps=1e-05, momentum=0.1, affine=True, track_running_stats=True)
        (conv3): Conv2d(256, 1024, kernel_size=(1, 1), stride=(1, 1), bias=False)
        (bn3): SyncBatchNorm(1024, eps=1e-05, momentum=0.1, affine=True, track_running_stats=True)
        (relu): ReLU(inplace=True)
      )
    )
    (layer4): ResLayer(
      (0): Bottleneck(
        (conv1): Conv2d(1024, 512, kernel_size=(1, 1), stride=(1, 1), bias=False)
        (bn1): SyncBatchNorm(512, eps=1e-05, momentum=0.1, affine=True, track_running_stats=True)
        (conv2): Conv2d(512, 512, kernel_size=(3, 3), stride=(1, 1), padding=(2, 2), dilation=(2, 2), bias=False)
        (bn2): SyncBatchNorm(512, eps=1e-05, momentum=0.1, affine=True, track_running_stats=True)
        (conv3): Conv2d(512, 2048, kernel_size=(1, 1), stride=(1, 1), bias=False)
        (bn3): SyncBatchNorm(2048, eps=1e-05, momentum=0.1, affine=True, track_running_stats=True)
        (relu): ReLU(inplace=True)
        (downsample): Sequential(
          (0): Conv2d(1024, 2048, kernel_size=(1, 1), stride=(1, 1), bias=False)
          (1): SyncBatchNorm(2048, eps=1e-05, momentum=0.1, affine=True, track_running_stats=True)
        )
      )
      (1): Bottleneck(
        (conv1): Conv2d(2048, 512, kernel_size=(1, 1), stride=(1, 1), bias=False)
        (bn1): SyncBatchNorm(512, eps=1e-05, momentum=0.1, affine=True, track_running_stats=True)
        (conv2): Conv2d(512, 512, kernel_size=(3, 3), stride=(1, 1), padding=(4, 4), dilation=(4, 4), bias=False)
        (bn2): SyncBatchNorm(512, eps=1e-05, momentum=0.1, affine=True, track_running_stats=True)
        (conv3): Conv2d(512, 2048, kernel_size=(1, 1), stride=(1, 1), bias=False)
        (bn3): SyncBatchNorm(2048, eps=1e-05, momentum=0.1, affine=True, track_running_stats=True)
        (relu): ReLU(inplace=True)
      )
      (2): Bottleneck(
        (conv1): Conv2d(2048, 512, kernel_size=(1, 1), stride=(1, 1), bias=False)
        (bn1): SyncBatchNorm(512, eps=1e-05, momentum=0.1, affine=True, track_running_stats=True)
        (conv2): Conv2d(512, 512, kernel_size=(3, 3), stride=(1, 1), padding=(4, 4), dilation=(4, 4), bias=False)
        (bn2): SyncBatchNorm(512, eps=1e-05, momentum=0.1, affine=True, track_running_stats=True)
        (conv3): Conv2d(512, 2048, kernel_size=(1, 1), stride=(1, 1), bias=False)
        (bn3): SyncBatchNorm(2048, eps=1e-05, momentum=0.1, affine=True, track_running_stats=True)
        (relu): ReLU(inplace=True)
      )
    )
  )
  (decode_head): FCNHead(
    input_transform=None, ignore_index=255, align_corners=False
    (loss_decode): CrossEntropyLoss()
    (conv_seg): Conv2d(512, 21, kernel_size=(1, 1), stride=(1, 1))
    (dropout): Dropout2d(p=0.1, inplace=False)
    (convs): Sequential(
      (0): ConvModule(
        (conv): Conv2d(2048, 512, kernel_size=(3, 3), stride=(1, 1), padding=(1, 1), bias=False)
        (bn): SyncBatchNorm(512, eps=1e-05, momentum=0.1, affine=True, track_running_stats=True)
        (activate): ReLU(inplace=True)
      )
      (1): ConvModule(
        (conv): Conv2d(512, 512, kernel_size=(3, 3), stride=(1, 1), padding=(1, 1), bias=False)
        (bn): SyncBatchNorm(512, eps=1e-05, momentum=0.1, affine=True, track_running_stats=True)
        (activate): ReLU(inplace=True)
      )
    )
    (conv_cat): ConvModule(
      (conv): Conv2d(2560, 512, kernel_size=(3, 3), stride=(1, 1), padding=(1, 1), bias=False)
      (bn): SyncBatchNorm(512, eps=1e-05, momentum=0.1, affine=True, track_running_stats=True)
      (activate): ReLU(inplace=True)
    )
  )
  (auxiliary_head): FCNHead(
    input_transform=None, ignore_index=255, align_corners=False
    (loss_decode): CrossEntropyLoss()
    (conv_seg): Conv2d(256, 21, kernel_size=(1, 1), stride=(1, 1))
    (dropout): Dropout2d(p=0.1, inplace=False)
    (convs): Sequential(
      (0): ConvModule(
        (conv): Conv2d(1024, 256, kernel_size=(3, 3), stride=(1, 1), padding=(1, 1), bias=False)
        (bn): SyncBatchNorm(256, eps=1e-05, momentum=0.1, affine=True, track_running_stats=True)
        (activate): ReLU(inplace=True)
      )
    )
  )
)
2021-07-11 15:30:49,836 - mmseg - INFO - Loaded 1464 images
2021-07-11 15:30:49,847 - mmseg - INFO - Loaded 9118 images
2021-07-11 15:30:56,298 - mmseg - INFO - Loaded 1449 images
2021-07-11 15:30:56,298 - mmseg - INFO - Start running, host: eefrank@v100-5, work_dir: /home/eegroup/eefrank/b06901053/ML-SSL/Baseline/Segmentation/mmsegmentation/logs/DenseCL
2021-07-11 15:30:56,298 - mmseg - INFO - workflow: [('train', 1)], max: 20000 iters
2021-07-11 15:31:57,311 - mmseg - INFO - Iter [50/20000]	lr: 9.978e-03, eta: 6:01:26, time: 1.087, data_time: 0.004, memory: 20165, decode.loss_seg: 1.6817, decode.acc_seg: 52.7755, aux.loss_seg: 0.6956, aux.acc_seg: 51.5601, loss: 2.3772
2021-07-11 15:32:42,314 - mmseg - INFO - Iter [100/20000]	lr: 9.956e-03, eta: 5:29:30, time: 0.900, data_time: 0.004, memory: 20165, decode.loss_seg: 1.4704, decode.acc_seg: 55.3551, aux.loss_seg: 0.5858, aux.acc_seg: 55.4042, loss: 2.0562
2021-07-11 15:33:27,696 - mmseg - INFO - Iter [150/20000]	lr: 9.934e-03, eta: 5:19:12, time: 0.908, data_time: 0.004, memory: 20165, decode.loss_seg: 1.4982, decode.acc_seg: 54.2150, aux.loss_seg: 0.5987, aux.acc_seg: 54.1971, loss: 2.0969
2021-07-11 15:34:11,114 - mmseg - INFO - Iter [200/20000]	lr: 9.911e-03, eta: 5:10:26, time: 0.868, data_time: 0.005, memory: 20165, decode.loss_seg: 1.4535, decode.acc_seg: 54.7116, aux.loss_seg: 0.5860, aux.acc_seg: 54.7312, loss: 2.0395
2021-07-11 15:34:56,439 - mmseg - INFO - Iter [250/20000]	lr: 9.889e-03, eta: 5:07:24, time: 0.907, data_time: 0.005, memory: 20165, decode.loss_seg: 1.4803, decode.acc_seg: 52.6455, aux.loss_seg: 0.5956, aux.acc_seg: 52.5275, loss: 2.0759
2021-07-11 15:35:41,614 - mmseg - INFO - Iter [300/20000]	lr: 9.867e-03, eta: 5:04:58, time: 0.904, data_time: 0.004, memory: 20165, decode.loss_seg: 1.4473, decode.acc_seg: 55.4149, aux.loss_seg: 0.5793, aux.acc_seg: 55.7193, loss: 2.0266
2021-07-11 15:36:25,009 - mmseg - INFO - Iter [350/20000]	lr: 9.844e-03, eta: 5:01:20, time: 0.868, data_time: 0.005, memory: 20165, decode.loss_seg: 1.5041, decode.acc_seg: 53.9958, aux.loss_seg: 0.6070, aux.acc_seg: 53.9225, loss: 2.1111
2021-07-11 15:37:10,530 - mmseg - INFO - Iter [400/20000]	lr: 9.822e-03, eta: 5:00:10, time: 0.910, data_time: 0.004, memory: 20165, decode.loss_seg: 1.4191, decode.acc_seg: 53.7555, aux.loss_seg: 0.5757, aux.acc_seg: 53.8848, loss: 1.9948
2021-07-11 15:37:55,834 - mmseg - INFO - Iter [450/20000]	lr: 9.800e-03, eta: 4:58:56, time: 0.906, data_time: 0.005, memory: 20165, decode.loss_seg: 1.4433, decode.acc_seg: 54.3094, aux.loss_seg: 0.5845, aux.acc_seg: 54.2680, loss: 2.0278
2021-07-11 15:38:39,573 - mmseg - INFO - Iter [500/20000]	lr: 9.777e-03, eta: 4:56:47, time: 0.875, data_time: 0.005, memory: 20165, decode.loss_seg: 1.4492, decode.acc_seg: 52.5147, aux.loss_seg: 0.5870, aux.acc_seg: 52.6807, loss: 2.0363
2021-07-11 15:39:24,805 - mmseg - INFO - Iter [550/20000]	lr: 9.755e-03, eta: 4:55:47, time: 0.905, data_time: 0.005, memory: 20165, decode.loss_seg: 1.4574, decode.acc_seg: 52.8084, aux.loss_seg: 0.5939, aux.acc_seg: 52.8274, loss: 2.0513
2021-07-11 15:40:10,176 - mmseg - INFO - Iter [600/20000]	lr: 9.733e-03, eta: 4:54:52, time: 0.907, data_time: 0.004, memory: 20165, decode.loss_seg: 1.4083, decode.acc_seg: 53.3857, aux.loss_seg: 0.5748, aux.acc_seg: 53.3854, loss: 1.9831
2021-07-11 15:40:53,696 - mmseg - INFO - Iter [650/20000]	lr: 9.710e-03, eta: 4:53:05, time: 0.870, data_time: 0.005, memory: 20165, decode.loss_seg: 1.4224, decode.acc_seg: 53.0707, aux.loss_seg: 0.5787, aux.acc_seg: 53.2328, loss: 2.0011
2021-07-11 15:41:47,348 - mmseg - INFO - Iter [700/20000]	lr: 9.688e-03, eta: 4:56:06, time: 1.073, data_time: 0.004, memory: 20165, decode.loss_seg: 1.3730, decode.acc_seg: 54.7920, aux.loss_seg: 0.5615, aux.acc_seg: 54.6351, loss: 1.9345
2021-07-11 15:42:32,387 - mmseg - INFO - Iter [750/20000]	lr: 9.666e-03, eta: 4:54:54, time: 0.901, data_time: 0.004, memory: 20165, decode.loss_seg: 1.4166, decode.acc_seg: 52.3531, aux.loss_seg: 0.5792, aux.acc_seg: 52.3318, loss: 1.9958
2021-07-11 15:43:16,126 - mmseg - INFO - Iter [800/20000]	lr: 9.643e-03, eta: 4:53:15, time: 0.875, data_time: 0.005, memory: 20165, decode.loss_seg: 1.3419, decode.acc_seg: 54.4924, aux.loss_seg: 0.5510, aux.acc_seg: 54.4296, loss: 1.8930
2021-07-11 15:44:01,332 - mmseg - INFO - Iter [850/20000]	lr: 9.621e-03, eta: 4:52:16, time: 0.904, data_time: 0.005, memory: 20165, decode.loss_seg: 1.3427, decode.acc_seg: 54.0695, aux.loss_seg: 0.5536, aux.acc_seg: 54.1672, loss: 1.8963
2021-07-11 15:44:46,704 - mmseg - INFO - Iter [900/20000]	lr: 9.599e-03, eta: 4:51:21, time: 0.907, data_time: 0.005, memory: 20165, decode.loss_seg: 1.3546, decode.acc_seg: 55.2782, aux.loss_seg: 0.5549, aux.acc_seg: 55.1320, loss: 1.9094
2021-07-11 15:45:30,369 - mmseg - INFO - Iter [950/20000]	lr: 9.576e-03, eta: 4:49:53, time: 0.873, data_time: 0.005, memory: 20165, decode.loss_seg: 1.2702, decode.acc_seg: 54.9449, aux.loss_seg: 0.5293, aux.acc_seg: 54.5536, loss: 1.7995
2021-07-11 15:46:15,373 - mmseg - INFO - Exp name: fcn_r50-d8_512x512_20k_voc12aug.py
2021-07-11 15:46:15,374 - mmseg - INFO - Iter [1000/20000]	lr: 9.554e-03, eta: 4:48:55, time: 0.900, data_time: 0.005, memory: 20165, decode.loss_seg: 1.2994, decode.acc_seg: 54.2932, aux.loss_seg: 0.5403, aux.acc_seg: 54.1587, loss: 1.8396
2021-07-11 15:47:00,744 - mmseg - INFO - Iter [1050/20000]	lr: 9.531e-03, eta: 4:48:05, time: 0.907, data_time: 0.005, memory: 20165, decode.loss_seg: 1.2977, decode.acc_seg: 53.6910, aux.loss_seg: 0.5393, aux.acc_seg: 53.5619, loss: 1.8370
2021-07-11 15:47:44,443 - mmseg - INFO - Iter [1100/20000]	lr: 9.509e-03, eta: 4:46:46, time: 0.874, data_time: 0.005, memory: 20165, decode.loss_seg: 1.3391, decode.acc_seg: 54.4439, aux.loss_seg: 0.5524, aux.acc_seg: 54.2409, loss: 1.8915
2021-07-11 15:48:29,667 - mmseg - INFO - Iter [1150/20000]	lr: 9.487e-03, eta: 4:45:56, time: 0.904, data_time: 0.005, memory: 20165, decode.loss_seg: 1.3228, decode.acc_seg: 53.9734, aux.loss_seg: 0.5479, aux.acc_seg: 53.7622, loss: 1.8707
2021-07-11 15:49:15,264 - mmseg - INFO - Iter [1200/20000]	lr: 9.464e-03, eta: 4:45:12, time: 0.912, data_time: 0.005, memory: 20165, decode.loss_seg: 1.2841, decode.acc_seg: 55.5581, aux.loss_seg: 0.5381, aux.acc_seg: 55.0495, loss: 1.8221
2021-07-11 15:49:58,807 - mmseg - INFO - Iter [1250/20000]	lr: 9.442e-03, eta: 4:43:57, time: 0.871, data_time: 0.005, memory: 20165, decode.loss_seg: 1.2952, decode.acc_seg: 55.8508, aux.loss_seg: 0.5367, aux.acc_seg: 55.4293, loss: 1.8319
2021-07-11 15:51:02,342 - mmseg - INFO - Iter [1300/20000]	lr: 9.419e-03, eta: 4:47:32, time: 1.270, data_time: 0.005, memory: 20165, decode.loss_seg: 1.2600, decode.acc_seg: 55.2975, aux.loss_seg: 0.5257, aux.acc_seg: 54.8340, loss: 1.7857
2021-07-11 15:52:19,370 - mmseg - INFO - Iter [1350/20000]	lr: 9.397e-03, eta: 4:53:51, time: 1.539, data_time: 0.005, memory: 20165, decode.loss_seg: 1.2651, decode.acc_seg: 55.3702, aux.loss_seg: 0.5305, aux.acc_seg: 54.9942, loss: 1.7956
2021-07-11 15:53:15,589 - mmseg - INFO - Iter [1400/20000]	lr: 9.375e-03, eta: 4:55:04, time: 1.126, data_time: 0.007, memory: 20165, decode.loss_seg: 1.2119, decode.acc_seg: 55.8398, aux.loss_seg: 0.5120, aux.acc_seg: 55.2291, loss: 1.7239
2021-07-11 15:54:18,628 - mmseg - INFO - Iter [1450/20000]	lr: 9.352e-03, eta: 4:56:46, time: 1.185, data_time: 0.005, memory: 20165, decode.loss_seg: 1.2819, decode.acc_seg: 55.9194, aux.loss_seg: 0.5341, aux.acc_seg: 55.5095, loss: 1.8160
2021-07-11 15:55:17,404 - mmseg - INFO - Iter [1500/20000]	lr: 9.330e-03, eta: 4:58:57, time: 1.251, data_time: 0.082, memory: 20165, decode.loss_seg: 1.2268, decode.acc_seg: 55.6607, aux.loss_seg: 0.5169, aux.acc_seg: 54.8537, loss: 1.7437
2021-07-11 15:56:24,846 - mmseg - INFO - Iter [1550/20000]	lr: 9.307e-03, eta: 5:01:52, time: 1.344, data_time: 0.005, memory: 20165, decode.loss_seg: 1.1968, decode.acc_seg: 55.3607, aux.loss_seg: 0.5037, aux.acc_seg: 54.6795, loss: 1.7005
2021-07-11 15:57:34,352 - mmseg - INFO - Iter [1600/20000]	lr: 9.285e-03, eta: 5:05:00, time: 1.395, data_time: 0.013, memory: 20165, decode.loss_seg: 1.2345, decode.acc_seg: 56.6199, aux.loss_seg: 0.5203, aux.acc_seg: 55.9599, loss: 1.7549
2021-07-11 15:58:38,881 - mmseg - INFO - Iter [1650/20000]	lr: 9.262e-03, eta: 5:06:55, time: 1.290, data_time: 0.005, memory: 20165, decode.loss_seg: 1.2825, decode.acc_seg: 54.7809, aux.loss_seg: 0.5346, aux.acc_seg: 54.2343, loss: 1.8171
2021-07-11 15:59:43,401 - mmseg - INFO - Iter [1700/20000]	lr: 9.240e-03, eta: 5:08:39, time: 1.290, data_time: 0.005, memory: 20165, decode.loss_seg: 1.2523, decode.acc_seg: 54.3180, aux.loss_seg: 0.5276, aux.acc_seg: 53.4373, loss: 1.7798
2021-07-11 16:00:52,636 - mmseg - INFO - Iter [1750/20000]	lr: 9.217e-03, eta: 5:10:44, time: 1.348, data_time: 0.005, memory: 20165, decode.loss_seg: 1.1428, decode.acc_seg: 58.0200, aux.loss_seg: 0.4873, aux.acc_seg: 56.7067, loss: 1.6302
2021-07-11 16:01:58,695 - mmseg - INFO - Iter [1800/20000]	lr: 9.195e-03, eta: 5:12:43, time: 1.358, data_time: 0.052, memory: 20165, decode.loss_seg: 1.2204, decode.acc_seg: 55.1523, aux.loss_seg: 0.5190, aux.acc_seg: 54.3979, loss: 1.7394
2021-07-11 16:03:01,661 - mmseg - INFO - Iter [1850/20000]	lr: 9.172e-03, eta: 5:13:43, time: 1.259, data_time: 0.005, memory: 20165, decode.loss_seg: 1.1933, decode.acc_seg: 56.4848, aux.loss_seg: 0.5084, aux.acc_seg: 55.6020, loss: 1.7017
2021-07-11 16:04:05,041 - mmseg - INFO - Iter [1900/20000]	lr: 9.150e-03, eta: 5:14:40, time: 1.266, data_time: 0.006, memory: 20165, decode.loss_seg: 1.1617, decode.acc_seg: 57.7762, aux.loss_seg: 0.4976, aux.acc_seg: 56.8036, loss: 1.6593
2021-07-11 16:05:09,736 - mmseg - INFO - Iter [1950/20000]	lr: 9.127e-03, eta: 5:15:45, time: 1.295, data_time: 0.006, memory: 20165, decode.loss_seg: 1.1939, decode.acc_seg: 55.2712, aux.loss_seg: 0.5102, aux.acc_seg: 54.1530, loss: 1.7040
2021-07-11 16:07:05,549 - mmseg - INFO - Saving checkpoint at 2000 iterations
2021-07-11 16:12:56,817 - mmseg - INFO - per class results:
2021-07-11 16:12:56,855 - mmseg - INFO - 
+-------------+-------+-------+
| Class       | IoU   | Acc   |
+-------------+-------+-------+
| background  | 78.56 | 92.35 |
| aeroplane   | 19.78 | 27.34 |
| bicycle     | 0.45  | 0.47  |
| bird        | 0.01  | 0.01  |
| boat        | 0.0   | 0.0   |
| bottle      | 0.0   | 0.0   |
| bus         | 0.01  | 0.01  |
| car         | 18.44 | 25.51 |
| cat         | 20.64 | 38.95 |
| chair       | 0.0   | 0.0   |
| cow         | 0.0   | 0.0   |
| diningtable | 0.0   | 0.0   |
| dog         | 2.95  | 3.15  |
| horse       | 0.0   | 0.0   |
| motorbike   | 15.05 | 61.14 |
| person      | 28.18 | 67.0  |
| pottedplant | 0.0   | 0.0   |
| sheep       | 0.0   | 0.0   |
| sofa        | 0.0   | 0.0   |
| train       | 0.19  | 0.19  |
| tvmonitor   | 0.0   | 0.0   |
+-------------+-------+-------+
2021-07-11 16:12:56,855 - mmseg - INFO - Summary:
2021-07-11 16:12:56,855 - mmseg - INFO - 
+--------+------+-------+-------+
| Scope  | mIoU | mAcc  | aAcc  |
+--------+------+-------+-------+
| global | 8.77 | 15.05 | 73.48 |
+--------+------+-------+-------+
2021-07-11 16:12:56,884 - mmseg - INFO - Exp name: fcn_r50-d8_512x512_20k_voc12aug.py
2021-07-11 16:12:56,884 - mmseg - INFO - Iter(val) [2000]	mIoU: 0.0877, mAcc: 0.1505, aAcc: 0.7348
2021-07-11 16:14:00,488 - mmseg - INFO - Iter [2050/20000]	lr: 9.082e-03, eta: 5:59:06, time: 8.279, data_time: 7.013, memory: 20165, decode.loss_seg: 1.1564, decode.acc_seg: 56.3108, aux.loss_seg: 0.4954, aux.acc_seg: 55.2578, loss: 1.6518
2021-07-11 16:15:08,131 - mmseg - INFO - Iter [2100/20000]	lr: 9.060e-03, eta: 5:59:11, time: 1.353, data_time: 0.008, memory: 20165, decode.loss_seg: 1.1579, decode.acc_seg: 57.2080, aux.loss_seg: 0.4951, aux.acc_seg: 56.0566, loss: 1.6531
2021-07-11 16:16:15,071 - mmseg - INFO - Iter [2150/20000]	lr: 9.037e-03, eta: 5:59:06, time: 1.339, data_time: 0.006, memory: 20165, decode.loss_seg: 1.1960, decode.acc_seg: 56.5843, aux.loss_seg: 0.5105, aux.acc_seg: 55.1751, loss: 1.7064
2021-07-11 16:17:22,570 - mmseg - INFO - Iter [2200/20000]	lr: 9.015e-03, eta: 5:59:04, time: 1.350, data_time: 0.011, memory: 20165, decode.loss_seg: 1.1462, decode.acc_seg: 58.5190, aux.loss_seg: 0.4909, aux.acc_seg: 57.0889, loss: 1.6372
2021-07-11 16:18:10,699 - mmseg - INFO - Iter [2250/20000]	lr: 8.992e-03, eta: 5:56:25, time: 0.962, data_time: 0.006, memory: 20165, decode.loss_seg: 1.1492, decode.acc_seg: 56.5858, aux.loss_seg: 0.4933, aux.acc_seg: 55.1936, loss: 1.6425
2021-07-11 16:19:20,226 - mmseg - INFO - Iter [2300/20000]	lr: 8.970e-03, eta: 5:56:37, time: 1.391, data_time: 0.007, memory: 20165, decode.loss_seg: 1.1571, decode.acc_seg: 56.3146, aux.loss_seg: 0.4933, aux.acc_seg: 55.2489, loss: 1.6504
2021-07-11 16:20:25,197 - mmseg - INFO - Iter [2350/20000]	lr: 8.947e-03, eta: 5:56:10, time: 1.299, data_time: 0.006, memory: 20165, decode.loss_seg: 1.0649, decode.acc_seg: 58.2193, aux.loss_seg: 0.4653, aux.acc_seg: 56.5999, loss: 1.5302
2021-07-11 16:21:33,628 - mmseg - INFO - Iter [2400/20000]	lr: 8.925e-03, eta: 5:56:08, time: 1.369, data_time: 0.007, memory: 20165, decode.loss_seg: 1.1673, decode.acc_seg: 55.6815, aux.loss_seg: 0.4976, aux.acc_seg: 54.5117, loss: 1.6649
2021-07-11 16:22:41,674 - mmseg - INFO - Iter [2450/20000]	lr: 8.902e-03, eta: 5:55:59, time: 1.361, data_time: 0.007, memory: 20165, decode.loss_seg: 1.1642, decode.acc_seg: 57.8238, aux.loss_seg: 0.4998, aux.acc_seg: 56.3356, loss: 1.6640
2021-07-11 16:23:48,059 - mmseg - INFO - Iter [2500/20000]	lr: 8.879e-03, eta: 5:55:37, time: 1.327, data_time: 0.006, memory: 20165, decode.loss_seg: 1.1581, decode.acc_seg: 57.2808, aux.loss_seg: 0.5022, aux.acc_seg: 55.8470, loss: 1.6604
2021-07-11 16:24:55,274 - mmseg - INFO - Iter [2550/20000]	lr: 8.857e-03, eta: 5:55:19, time: 1.345, data_time: 0.006, memory: 20165, decode.loss_seg: 1.0818, decode.acc_seg: 58.2970, aux.loss_seg: 0.4691, aux.acc_seg: 56.7253, loss: 1.5509
2021-07-11 16:26:04,323 - mmseg - INFO - Iter [2600/20000]	lr: 8.834e-03, eta: 5:55:11, time: 1.381, data_time: 0.006, memory: 20165, decode.loss_seg: 1.1335, decode.acc_seg: 57.0134, aux.loss_seg: 0.4840, aux.acc_seg: 55.6639, loss: 1.6175
2021-07-11 16:27:35,542 - mmseg - INFO - Iter [2650/20000]	lr: 8.812e-03, eta: 5:57:26, time: 1.824, data_time: 0.006, memory: 20165, decode.loss_seg: 1.0917, decode.acc_seg: 59.3375, aux.loss_seg: 0.4738, aux.acc_seg: 57.9091, loss: 1.5655
2021-07-11 16:28:43,602 - mmseg - INFO - Iter [2700/20000]	lr: 8.789e-03, eta: 5:57:05, time: 1.361, data_time: 0.006, memory: 20165, decode.loss_seg: 1.1110, decode.acc_seg: 58.2179, aux.loss_seg: 0.4870, aux.acc_seg: 56.1810, loss: 1.5980
2021-07-11 16:29:51,929 - mmseg - INFO - Iter [2750/20000]	lr: 8.766e-03, eta: 5:56:43, time: 1.367, data_time: 0.006, memory: 20165, decode.loss_seg: 1.1040, decode.acc_seg: 57.6509, aux.loss_seg: 0.4820, aux.acc_seg: 55.7913, loss: 1.5860
2021-07-11 16:30:58,577 - mmseg - INFO - Iter [2800/20000]	lr: 8.744e-03, eta: 5:56:09, time: 1.333, data_time: 0.006, memory: 20165, decode.loss_seg: 1.0740, decode.acc_seg: 59.4200, aux.loss_seg: 0.4696, aux.acc_seg: 57.6888, loss: 1.5436
2021-07-11 16:32:07,253 - mmseg - INFO - Iter [2850/20000]	lr: 8.721e-03, eta: 5:55:46, time: 1.374, data_time: 0.006, memory: 20165, decode.loss_seg: 1.0978, decode.acc_seg: 56.8002, aux.loss_seg: 0.4764, aux.acc_seg: 54.9625, loss: 1.5742
2021-07-11 16:33:16,281 - mmseg - INFO - Iter [2900/20000]	lr: 8.699e-03, eta: 5:55:24, time: 1.380, data_time: 0.006, memory: 20165, decode.loss_seg: 1.0940, decode.acc_seg: 58.3953, aux.loss_seg: 0.4763, aux.acc_seg: 56.7578, loss: 1.5703
2021-07-11 16:34:22,282 - mmseg - INFO - Iter [2950/20000]	lr: 8.676e-03, eta: 5:54:43, time: 1.320, data_time: 0.006, memory: 20165, decode.loss_seg: 1.0398, decode.acc_seg: 59.0349, aux.loss_seg: 0.4616, aux.acc_seg: 57.1368, loss: 1.5014
2021-07-11 16:35:30,523 - mmseg - INFO - Exp name: fcn_r50-d8_512x512_20k_voc12aug.py
2021-07-11 16:35:30,525 - mmseg - INFO - Iter [3000/20000]	lr: 8.653e-03, eta: 5:54:14, time: 1.365, data_time: 0.007, memory: 20165, decode.loss_seg: 1.0826, decode.acc_seg: 58.3241, aux.loss_seg: 0.4694, aux.acc_seg: 56.8378, loss: 1.5519
2021-07-11 16:36:38,680 - mmseg - INFO - Iter [3050/20000]	lr: 8.631e-03, eta: 5:53:42, time: 1.363, data_time: 0.006, memory: 20165, decode.loss_seg: 1.0568, decode.acc_seg: 58.4573, aux.loss_seg: 0.4627, aux.acc_seg: 56.5847, loss: 1.5195
2021-07-11 16:37:44,784 - mmseg - INFO - Iter [3100/20000]	lr: 8.608e-03, eta: 5:52:59, time: 1.322, data_time: 0.006, memory: 20165, decode.loss_seg: 1.1157, decode.acc_seg: 56.9024, aux.loss_seg: 0.4867, aux.acc_seg: 55.0939, loss: 1.6025
2021-07-11 16:38:52,731 - mmseg - INFO - Iter [3150/20000]	lr: 8.585e-03, eta: 5:52:24, time: 1.359, data_time: 0.006, memory: 20165, decode.loss_seg: 1.1124, decode.acc_seg: 58.1413, aux.loss_seg: 0.4871, aux.acc_seg: 56.3910, loss: 1.5995
2021-07-11 16:40:01,905 - mmseg - INFO - Iter [3200/20000]	lr: 8.563e-03, eta: 5:51:55, time: 1.384, data_time: 0.006, memory: 20165, decode.loss_seg: 1.0444, decode.acc_seg: 59.9368, aux.loss_seg: 0.4583, aux.acc_seg: 58.0288, loss: 1.5026
2021-07-11 16:41:07,001 - mmseg - INFO - Iter [3250/20000]	lr: 8.540e-03, eta: 5:51:04, time: 1.302, data_time: 0.006, memory: 20165, decode.loss_seg: 1.0564, decode.acc_seg: 58.6204, aux.loss_seg: 0.4640, aux.acc_seg: 56.6151, loss: 1.5204
2021-07-11 16:42:15,247 - mmseg - INFO - Iter [3300/20000]	lr: 8.517e-03, eta: 5:50:28, time: 1.364, data_time: 0.006, memory: 20165, decode.loss_seg: 1.0599, decode.acc_seg: 59.7059, aux.loss_seg: 0.4691, aux.acc_seg: 57.4606, loss: 1.5290
2021-07-11 16:43:46,023 - mmseg - INFO - Iter [3350/20000]	lr: 8.495e-03, eta: 5:51:44, time: 1.816, data_time: 0.006, memory: 20165, decode.loss_seg: 1.0762, decode.acc_seg: 58.6183, aux.loss_seg: 0.4715, aux.acc_seg: 56.7826, loss: 1.5477
2021-07-11 16:44:51,935 - mmseg - INFO - Iter [3400/20000]	lr: 8.472e-03, eta: 5:50:53, time: 1.318, data_time: 0.006, memory: 20165, decode.loss_seg: 1.0561, decode.acc_seg: 57.6884, aux.loss_seg: 0.4620, aux.acc_seg: 56.0240, loss: 1.5181
2021-07-11 16:45:59,389 - mmseg - INFO - Iter [3450/20000]	lr: 8.449e-03, eta: 5:50:09, time: 1.349, data_time: 0.006, memory: 20165, decode.loss_seg: 0.9981, decode.acc_seg: 59.7933, aux.loss_seg: 0.4406, aux.acc_seg: 57.7687, loss: 1.4387
2021-07-11 16:47:08,572 - mmseg - INFO - Iter [3500/20000]	lr: 8.427e-03, eta: 5:49:32, time: 1.384, data_time: 0.007, memory: 20165, decode.loss_seg: 1.0529, decode.acc_seg: 57.7729, aux.loss_seg: 0.4655, aux.acc_seg: 55.8017, loss: 1.5184
2021-07-11 16:48:13,532 - mmseg - INFO - Iter [3550/20000]	lr: 8.404e-03, eta: 5:48:35, time: 1.299, data_time: 0.006, memory: 20165, decode.loss_seg: 1.0668, decode.acc_seg: 58.3498, aux.loss_seg: 0.4708, aux.acc_seg: 56.2635, loss: 1.5377
2021-07-11 16:49:22,870 - mmseg - INFO - Iter [3600/20000]	lr: 8.381e-03, eta: 5:47:48, time: 1.342, data_time: 0.006, memory: 20165, decode.loss_seg: 1.0405, decode.acc_seg: 58.6241, aux.loss_seg: 0.4616, aux.acc_seg: 56.4206, loss: 1.5021
2021-07-11 16:50:27,308 - mmseg - INFO - Iter [3650/20000]	lr: 8.358e-03, eta: 5:46:58, time: 1.334, data_time: 0.051, memory: 20165, decode.loss_seg: 0.9771, decode.acc_seg: 60.1690, aux.loss_seg: 0.4401, aux.acc_seg: 57.7635, loss: 1.4172
2021-07-11 16:51:17,404 - mmseg - INFO - Iter [3700/20000]	lr: 8.336e-03, eta: 5:44:54, time: 1.002, data_time: 0.006, memory: 20165, decode.loss_seg: 1.0343, decode.acc_seg: 61.5645, aux.loss_seg: 0.4568, aux.acc_seg: 59.4290, loss: 1.4912
2021-07-11 16:52:21,987 - mmseg - INFO - Iter [3750/20000]	lr: 8.313e-03, eta: 5:43:56, time: 1.292, data_time: 0.006, memory: 20165, decode.loss_seg: 1.0305, decode.acc_seg: 60.1678, aux.loss_seg: 0.4582, aux.acc_seg: 58.0198, loss: 1.4886
2021-07-11 16:53:27,153 - mmseg - INFO - Iter [3800/20000]	lr: 8.290e-03, eta: 5:42:59, time: 1.303, data_time: 0.006, memory: 20165, decode.loss_seg: 1.0284, decode.acc_seg: 60.1903, aux.loss_seg: 0.4552, aux.acc_seg: 58.1899, loss: 1.4836
2021-07-11 16:54:31,741 - mmseg - INFO - Iter [3850/20000]	lr: 8.267e-03, eta: 5:42:00, time: 1.292, data_time: 0.007, memory: 20165, decode.loss_seg: 1.0365, decode.acc_seg: 58.7163, aux.loss_seg: 0.4634, aux.acc_seg: 56.4380, loss: 1.4999
2021-07-11 16:55:37,359 - mmseg - INFO - Iter [3900/20000]	lr: 8.245e-03, eta: 5:41:05, time: 1.312, data_time: 0.006, memory: 20165, decode.loss_seg: 0.9979, decode.acc_seg: 60.4229, aux.loss_seg: 0.4423, aux.acc_seg: 58.4439, loss: 1.4402
2021-07-11 16:56:43,601 - mmseg - INFO - Iter [3950/20000]	lr: 8.222e-03, eta: 5:40:12, time: 1.324, data_time: 0.006, memory: 20165, decode.loss_seg: 1.0549, decode.acc_seg: 60.2600, aux.loss_seg: 0.4674, aux.acc_seg: 58.0596, loss: 1.5223
2021-07-11 16:58:29,725 - mmseg - INFO - Saving checkpoint at 4000 iterations
2021-07-11 16:59:46,318 - mmseg - INFO - per class results:
2021-07-11 16:59:46,347 - mmseg - INFO - 
+-------------+-------+-------+
| Class       | IoU   | Acc   |
+-------------+-------+-------+
| background  | 80.71 | 96.22 |
| aeroplane   | 31.37 | 52.16 |
| bicycle     | 13.18 | 24.46 |
| bird        | 3.19  | 3.51  |
| boat        | 0.27  | 0.27  |
| bottle      | 0.0   | 0.0   |
| bus         | 30.91 | 38.93 |
| car         | 29.66 | 37.81 |
| cat         | 23.5  | 58.04 |
| chair       | 0.0   | 0.0   |
| cow         | 0.13  | 0.13  |
| diningtable | 0.33  | 0.34  |
| dog         | 5.14  | 6.94  |
| horse       | 2.08  | 2.17  |
| motorbike   | 27.89 | 36.44 |
| person      | 43.53 | 52.09 |
| pottedplant | 0.0   | 0.0   |
| sheep       | 8.91  | 10.78 |
| sofa        | 0.17  | 0.17  |
| train       | 24.75 | 35.59 |
| tvmonitor   | 6.2   | 6.37  |
+-------------+-------+-------+
2021-07-11 16:59:46,347 - mmseg - INFO - Summary:
2021-07-11 16:59:46,347 - mmseg - INFO - 
+--------+-------+-------+-------+
| Scope  | mIoU  | mAcc  | aAcc  |
+--------+-------+-------+-------+
| global | 15.81 | 22.02 | 77.69 |
+--------+-------+-------+-------+
2021-07-11 16:59:46,353 - mmseg - INFO - Exp name: fcn_r50-d8_512x512_20k_voc12aug.py
2021-07-11 16:59:46,355 - mmseg - INFO - Iter(val) [4000]	mIoU: 0.1581, mAcc: 0.2202, aAcc: 0.7769
2021-07-11 17:00:51,617 - mmseg - INFO - Iter [4050/20000]	lr: 8.176e-03, eta: 5:38:58, time: 2.814, data_time: 1.514, memory: 20165, decode.loss_seg: 1.0408, decode.acc_seg: 59.0408, aux.loss_seg: 0.4683, aux.acc_seg: 56.2207, loss: 1.5091
2021-07-11 17:01:59,352 - mmseg - INFO - Iter [4100/20000]	lr: 8.154e-03, eta: 5:38:10, time: 1.354, data_time: 0.006, memory: 20165, decode.loss_seg: 0.9977, decode.acc_seg: 60.1823, aux.loss_seg: 0.4493, aux.acc_seg: 57.8967, loss: 1.4469
2021-07-11 17:03:05,688 - mmseg - INFO - Iter [4150/20000]	lr: 8.131e-03, eta: 5:37:16, time: 1.327, data_time: 0.006, memory: 20165, decode.loss_seg: 0.9543, decode.acc_seg: 60.0693, aux.loss_seg: 0.4265, aux.acc_seg: 57.9473, loss: 1.3808
2021-07-11 17:04:11,118 - mmseg - INFO - Iter [4200/20000]	lr: 8.108e-03, eta: 5:36:18, time: 1.309, data_time: 0.006, memory: 20165, decode.loss_seg: 1.0506, decode.acc_seg: 58.9236, aux.loss_seg: 0.4664, aux.acc_seg: 56.9821, loss: 1.5170
2021-07-11 17:05:18,991 - mmseg - INFO - Iter [4250/20000]	lr: 8.085e-03, eta: 5:35:29, time: 1.357, data_time: 0.006, memory: 20165, decode.loss_seg: 0.9787, decode.acc_seg: 59.5582, aux.loss_seg: 0.4408, aux.acc_seg: 57.3888, loss: 1.4195
2021-07-11 17:06:26,815 - mmseg - INFO - Iter [4300/20000]	lr: 8.062e-03, eta: 5:34:39, time: 1.356, data_time: 0.006, memory: 20165, decode.loss_seg: 0.9940, decode.acc_seg: 60.4214, aux.loss_seg: 0.4458, aux.acc_seg: 58.1279, loss: 1.4398
2021-07-11 17:07:30,429 - mmseg - INFO - Iter [4350/20000]	lr: 8.040e-03, eta: 5:33:34, time: 1.273, data_time: 0.006, memory: 20165, decode.loss_seg: 0.9673, decode.acc_seg: 61.7168, aux.loss_seg: 0.4394, aux.acc_seg: 59.0181, loss: 1.4067
2021-07-11 17:08:39,545 - mmseg - INFO - Iter [4400/20000]	lr: 8.017e-03, eta: 5:32:49, time: 1.382, data_time: 0.006, memory: 20165, decode.loss_seg: 0.9819, decode.acc_seg: 60.5933, aux.loss_seg: 0.4416, aux.acc_seg: 57.9852, loss: 1.4235
2021-07-11 17:09:46,069 - mmseg - INFO - Iter [4450/20000]	lr: 7.994e-03, eta: 5:31:54, time: 1.330, data_time: 0.006, memory: 20165, decode.loss_seg: 0.9806, decode.acc_seg: 62.2884, aux.loss_seg: 0.4401, aux.acc_seg: 59.9784, loss: 1.4207
2021-07-11 17:10:52,633 - mmseg - INFO - Iter [4500/20000]	lr: 7.971e-03, eta: 5:30:58, time: 1.331, data_time: 0.006, memory: 20165, decode.loss_seg: 0.9749, decode.acc_seg: 61.0301, aux.loss_seg: 0.4429, aux.acc_seg: 58.3480, loss: 1.4179
2021-07-11 17:12:05,488 - mmseg - INFO - Iter [4550/20000]	lr: 7.948e-03, eta: 5:30:24, time: 1.457, data_time: 0.006, memory: 20165, decode.loss_seg: 0.9921, decode.acc_seg: 60.9122, aux.loss_seg: 0.4471, aux.acc_seg: 58.1285, loss: 1.4393
2021-07-11 17:13:12,550 - mmseg - INFO - Iter [4600/20000]	lr: 7.925e-03, eta: 5:29:30, time: 1.341, data_time: 0.006, memory: 20165, decode.loss_seg: 0.9961, decode.acc_seg: 60.4819, aux.loss_seg: 0.4509, aux.acc_seg: 57.6725, loss: 1.4470
2021-07-11 17:14:34,536 - mmseg - INFO - Iter [4650/20000]	lr: 7.902e-03, eta: 5:29:24, time: 1.640, data_time: 0.006, memory: 20165, decode.loss_seg: 0.9329, decode.acc_seg: 61.4684, aux.loss_seg: 0.4188, aux.acc_seg: 59.3923, loss: 1.3517
2021-07-11 17:15:42,841 - mmseg - INFO - Iter [4700/20000]	lr: 7.880e-03, eta: 5:28:33, time: 1.366, data_time: 0.006, memory: 20165, decode.loss_seg: 0.9910, decode.acc_seg: 61.0781, aux.loss_seg: 0.4486, aux.acc_seg: 58.3784, loss: 1.4396
2021-07-11 17:16:30,156 - mmseg - INFO - Iter [4750/20000]	lr: 7.857e-03, eta: 5:26:33, time: 0.947, data_time: 0.006, memory: 20165, decode.loss_seg: 0.9590, decode.acc_seg: 61.6775, aux.loss_seg: 0.4364, aux.acc_seg: 58.9499, loss: 1.3954
2021-07-11 17:17:27,559 - mmseg - INFO - Iter [4800/20000]	lr: 7.834e-03, eta: 5:25:07, time: 1.148, data_time: 0.005, memory: 20165, decode.loss_seg: 0.9583, decode.acc_seg: 60.0100, aux.loss_seg: 0.4394, aux.acc_seg: 57.3486, loss: 1.3978
2021-07-11 17:18:24,217 - mmseg - INFO - Iter [4850/20000]	lr: 7.811e-03, eta: 5:23:40, time: 1.133, data_time: 0.006, memory: 20165, decode.loss_seg: 0.9267, decode.acc_seg: 62.3616, aux.loss_seg: 0.4231, aux.acc_seg: 59.7399, loss: 1.3498
2021-07-11 17:19:22,294 - mmseg - INFO - Iter [4900/20000]	lr: 7.788e-03, eta: 5:22:17, time: 1.161, data_time: 0.006, memory: 20165, decode.loss_seg: 0.9805, decode.acc_seg: 61.1473, aux.loss_seg: 0.4452, aux.acc_seg: 58.4270, loss: 1.4258
2021-07-11 17:20:14,661 - mmseg - INFO - Iter [4950/20000]	lr: 7.765e-03, eta: 5:20:38, time: 1.047, data_time: 0.006, memory: 20165, decode.loss_seg: 0.9694, decode.acc_seg: 61.0794, aux.loss_seg: 0.4384, aux.acc_seg: 58.2621, loss: 1.4077
2021-07-11 17:21:26,544 - mmseg - INFO - Exp name: fcn_r50-d8_512x512_20k_voc12aug.py
2021-07-11 17:21:26,546 - mmseg - INFO - Iter [5000/20000]	lr: 7.742e-03, eta: 5:19:58, time: 1.438, data_time: 0.007, memory: 20165, decode.loss_seg: 0.9544, decode.acc_seg: 61.7507, aux.loss_seg: 0.4356, aux.acc_seg: 58.8360, loss: 1.3900
2021-07-11 17:22:28,169 - mmseg - INFO - Iter [5050/20000]	lr: 7.719e-03, eta: 5:18:47, time: 1.233, data_time: 0.010, memory: 20165, decode.loss_seg: 0.9451, decode.acc_seg: 62.5539, aux.loss_seg: 0.4350, aux.acc_seg: 59.2365, loss: 1.3801
2021-07-11 17:23:30,326 - mmseg - INFO - Iter [5100/20000]	lr: 7.696e-03, eta: 5:17:37, time: 1.243, data_time: 0.007, memory: 20165, decode.loss_seg: 0.9141, decode.acc_seg: 62.1746, aux.loss_seg: 0.4199, aux.acc_seg: 59.2078, loss: 1.3340
2021-07-11 17:24:34,188 - mmseg - INFO - Iter [5150/20000]	lr: 7.673e-03, eta: 5:16:33, time: 1.277, data_time: 0.006, memory: 20165, decode.loss_seg: 0.9053, decode.acc_seg: 61.6843, aux.loss_seg: 0.4166, aux.acc_seg: 58.9882, loss: 1.3219
2021-07-11 17:25:38,954 - mmseg - INFO - Iter [5200/20000]	lr: 7.650e-03, eta: 5:15:31, time: 1.293, data_time: 0.006, memory: 20165, decode.loss_seg: 0.9408, decode.acc_seg: 60.7304, aux.loss_seg: 0.4347, aux.acc_seg: 57.4626, loss: 1.3754
2021-07-11 17:26:32,040 - mmseg - INFO - Iter [5250/20000]	lr: 7.627e-03, eta: 5:13:54, time: 1.042, data_time: 0.020, memory: 20165, decode.loss_seg: 0.9597, decode.acc_seg: 60.5671, aux.loss_seg: 0.4388, aux.acc_seg: 57.7047, loss: 1.3986
2021-07-11 17:28:20,929 - mmseg - INFO - Iter [5300/20000]	lr: 7.604e-03, eta: 5:14:57, time: 2.191, data_time: 0.029, memory: 20165, decode.loss_seg: 0.9427, decode.acc_seg: 62.0891, aux.loss_seg: 0.4329, aux.acc_seg: 58.8936, loss: 1.3756
2021-07-11 17:29:13,511 - mmseg - INFO - Iter [5350/20000]	lr: 7.582e-03, eta: 5:13:18, time: 1.037, data_time: 0.043, memory: 20165, decode.loss_seg: 0.9356, decode.acc_seg: 62.2672, aux.loss_seg: 0.4287, aux.acc_seg: 59.4155, loss: 1.3643
2021-07-11 17:30:22,473 - mmseg - INFO - Iter [5400/20000]	lr: 7.559e-03, eta: 5:12:30, time: 1.403, data_time: 0.042, memory: 20165, decode.loss_seg: 0.9117, decode.acc_seg: 63.2945, aux.loss_seg: 0.4200, aux.acc_seg: 60.2426, loss: 1.3317
2021-07-11 17:31:24,813 - mmseg - INFO - Iter [5450/20000]	lr: 7.536e-03, eta: 5:11:21, time: 1.247, data_time: 0.006, memory: 20165, decode.loss_seg: 0.9574, decode.acc_seg: 62.6467, aux.loss_seg: 0.4414, aux.acc_seg: 59.3390, loss: 1.3988
2021-07-11 17:32:26,104 - mmseg - INFO - Iter [5500/20000]	lr: 7.513e-03, eta: 5:10:09, time: 1.225, data_time: 0.006, memory: 20165, decode.loss_seg: 0.9003, decode.acc_seg: 62.7287, aux.loss_seg: 0.4211, aux.acc_seg: 59.2558, loss: 1.3214
2021-07-11 17:33:18,238 - mmseg - INFO - Iter [5550/20000]	lr: 7.490e-03, eta: 5:08:34, time: 1.043, data_time: 0.006, memory: 20165, decode.loss_seg: 0.9075, decode.acc_seg: 62.1927, aux.loss_seg: 0.4167, aux.acc_seg: 59.1860, loss: 1.3241
2021-07-11 17:34:19,589 - mmseg - INFO - Iter [5600/20000]	lr: 7.467e-03, eta: 5:07:22, time: 1.222, data_time: 0.005, memory: 20165, decode.loss_seg: 0.8971, decode.acc_seg: 61.7876, aux.loss_seg: 0.4155, aux.acc_seg: 58.5745, loss: 1.3126
2021-07-11 17:35:23,417 - mmseg - INFO - Iter [5650/20000]	lr: 7.443e-03, eta: 5:06:18, time: 1.282, data_time: 0.011, memory: 20165, decode.loss_seg: 0.9495, decode.acc_seg: 61.3043, aux.loss_seg: 0.4361, aux.acc_seg: 58.1037, loss: 1.3856
2021-07-11 17:36:28,018 - mmseg - INFO - Iter [5700/20000]	lr: 7.420e-03, eta: 5:05:16, time: 1.292, data_time: 0.006, memory: 20165, decode.loss_seg: 0.9060, decode.acc_seg: 62.5414, aux.loss_seg: 0.4188, aux.acc_seg: 59.5947, loss: 1.3248
2021-07-11 17:37:27,104 - mmseg - INFO - Iter [5750/20000]	lr: 7.397e-03, eta: 5:03:59, time: 1.182, data_time: 0.006, memory: 20165, decode.loss_seg: 0.9171, decode.acc_seg: 63.2530, aux.loss_seg: 0.4306, aux.acc_seg: 59.8035, loss: 1.3477
2021-07-11 17:38:19,403 - mmseg - INFO - Iter [5800/20000]	lr: 7.374e-03, eta: 5:02:27, time: 1.046, data_time: 0.006, memory: 20165, decode.loss_seg: 0.8677, decode.acc_seg: 63.3123, aux.loss_seg: 0.4039, aux.acc_seg: 60.2337, loss: 1.2716
2021-07-11 17:39:19,871 - mmseg - INFO - Iter [5850/20000]	lr: 7.351e-03, eta: 5:01:14, time: 1.209, data_time: 0.024, memory: 20165, decode.loss_seg: 0.8926, decode.acc_seg: 62.8212, aux.loss_seg: 0.4123, aux.acc_seg: 60.1028, loss: 1.3049
2021-07-11 17:40:24,393 - mmseg - INFO - Iter [5900/20000]	lr: 7.328e-03, eta: 5:00:12, time: 1.290, data_time: 0.006, memory: 20165, decode.loss_seg: 0.8950, decode.acc_seg: 62.0403, aux.loss_seg: 0.4162, aux.acc_seg: 58.7161, loss: 1.3112
2021-07-11 17:42:01,211 - mmseg - INFO - Iter [5950/20000]	lr: 7.305e-03, eta: 5:00:26, time: 1.937, data_time: 0.007, memory: 20165, decode.loss_seg: 0.9101, decode.acc_seg: 63.3824, aux.loss_seg: 0.4214, aux.acc_seg: 60.2896, loss: 1.3315
2021-07-11 17:43:04,210 - mmseg - INFO - Saving checkpoint at 6000 iterations
2021-07-11 17:44:35,455 - mmseg - INFO - per class results:
2021-07-11 17:44:35,475 - mmseg - INFO - 
+-------------+-------+-------+
| Class       | IoU   | Acc   |
+-------------+-------+-------+
| background  | 83.43 | 93.85 |
| aeroplane   | 39.49 | 44.19 |
| bicycle     | 14.02 | 26.15 |
| bird        | 14.04 | 18.84 |
| boat        | 8.32  | 8.91  |
| bottle      | 0.02  | 0.02  |
| bus         | 46.05 | 66.34 |
| car         | 41.11 | 50.45 |
| cat         | 28.92 | 78.21 |
| chair       | 0.05  | 0.05  |
| cow         | 18.48 | 24.66 |
| diningtable | 4.45  | 4.57  |
| dog         | 9.9   | 14.09 |
| horse       | 16.39 | 29.32 |
| motorbike   | 28.95 | 64.68 |
| person      | 49.41 | 68.73 |
| pottedplant | 3.36  | 3.37  |
| sheep       | 14.47 | 16.68 |
| sofa        | 1.8   | 1.81  |
| train       | 23.4  | 25.4  |
| tvmonitor   | 15.45 | 16.39 |
+-------------+-------+-------+
2021-07-11 17:44:35,475 - mmseg - INFO - Summary:
2021-07-11 17:44:35,476 - mmseg - INFO - 
+--------+-------+-------+-------+
| Scope  | mIoU  | mAcc  | aAcc  |
+--------+-------+-------+-------+
| global | 21.98 | 31.27 | 79.19 |
+--------+-------+-------+-------+
2021-07-11 17:44:35,479 - mmseg - INFO - Exp name: fcn_r50-d8_512x512_20k_voc12aug.py
2021-07-11 17:44:35,480 - mmseg - INFO - Iter(val) [6000]	mIoU: 0.2198, mAcc: 0.3127, aAcc: 0.7919
2021-07-11 17:45:40,892 - mmseg - INFO - Iter [6050/20000]	lr: 7.259e-03, eta: 4:59:10, time: 3.016, data_time: 1.726, memory: 20165, decode.loss_seg: 0.8909, decode.acc_seg: 63.8885, aux.loss_seg: 0.4144, aux.acc_seg: 60.6085, loss: 1.3053
2021-07-11 17:46:46,177 - mmseg - INFO - Iter [6100/20000]	lr: 7.236e-03, eta: 4:58:09, time: 1.316, data_time: 0.025, memory: 20165, decode.loss_seg: 0.9100, decode.acc_seg: 61.7991, aux.loss_seg: 0.4238, aux.acc_seg: 58.5097, loss: 1.3339
2021-07-11 17:47:47,506 - mmseg - INFO - Iter [6150/20000]	lr: 7.213e-03, eta: 4:56:57, time: 1.225, data_time: 0.006, memory: 20165, decode.loss_seg: 0.9020, decode.acc_seg: 63.1782, aux.loss_seg: 0.4202, aux.acc_seg: 60.0448, loss: 1.3221
2021-07-11 17:48:50,368 - mmseg - INFO - Iter [6200/20000]	lr: 7.190e-03, eta: 4:55:50, time: 1.258, data_time: 0.007, memory: 20165, decode.loss_seg: 0.9060, decode.acc_seg: 62.3574, aux.loss_seg: 0.4189, aux.acc_seg: 58.9286, loss: 1.3249
2021-07-11 17:49:52,275 - mmseg - INFO - Iter [6250/20000]	lr: 7.167e-03, eta: 4:54:40, time: 1.236, data_time: 0.010, memory: 20165, decode.loss_seg: 0.8789, decode.acc_seg: 63.3368, aux.loss_seg: 0.4117, aux.acc_seg: 60.2489, loss: 1.2906
2021-07-11 17:50:54,928 - mmseg - INFO - Iter [6300/20000]	lr: 7.143e-03, eta: 4:53:32, time: 1.255, data_time: 0.013, memory: 20165, decode.loss_seg: 0.8529, decode.acc_seg: 63.6298, aux.loss_seg: 0.4028, aux.acc_seg: 60.4912, loss: 1.2557
2021-07-11 17:51:58,678 - mmseg - INFO - Iter [6350/20000]	lr: 7.120e-03, eta: 4:52:27, time: 1.275, data_time: 0.006, memory: 20165, decode.loss_seg: 0.8714, decode.acc_seg: 62.9023, aux.loss_seg: 0.4139, aux.acc_seg: 59.1638, loss: 1.2853
2021-07-11 17:53:02,731 - mmseg - INFO - Iter [6400/20000]	lr: 7.097e-03, eta: 4:51:22, time: 1.281, data_time: 0.006, memory: 20165, decode.loss_seg: 0.8913, decode.acc_seg: 64.0061, aux.loss_seg: 0.4149, aux.acc_seg: 60.5995, loss: 1.3061
2021-07-11 17:54:05,064 - mmseg - INFO - Iter [6450/20000]	lr: 7.074e-03, eta: 4:50:14, time: 1.246, data_time: 0.009, memory: 20165, decode.loss_seg: 0.9084, decode.acc_seg: 63.3782, aux.loss_seg: 0.4241, aux.acc_seg: 59.8252, loss: 1.3325
2021-07-11 17:55:09,552 - mmseg - INFO - Iter [6500/20000]	lr: 7.051e-03, eta: 4:49:10, time: 1.290, data_time: 0.007, memory: 20165, decode.loss_seg: 0.8732, decode.acc_seg: 63.6130, aux.loss_seg: 0.4142, aux.acc_seg: 59.7754, loss: 1.2874
2021-07-11 17:56:12,691 - mmseg - INFO - Iter [6550/20000]	lr: 7.028e-03, eta: 4:48:02, time: 1.253, data_time: 0.006, memory: 20165, decode.loss_seg: 0.8747, decode.acc_seg: 63.4064, aux.loss_seg: 0.4080, aux.acc_seg: 60.3078, loss: 1.2827
2021-07-11 17:57:17,436 - mmseg - INFO - Iter [6600/20000]	lr: 7.004e-03, eta: 4:47:00, time: 1.305, data_time: 0.025, memory: 20165, decode.loss_seg: 0.8709, decode.acc_seg: 63.2647, aux.loss_seg: 0.4040, aux.acc_seg: 60.3864, loss: 1.2749
2021-07-11 17:58:55,905 - mmseg - INFO - Iter [6650/20000]	lr: 6.981e-03, eta: 4:47:05, time: 1.969, data_time: 0.005, memory: 20165, decode.loss_seg: 0.9124, decode.acc_seg: 61.8685, aux.loss_seg: 0.4254, aux.acc_seg: 58.5256, loss: 1.3378
2021-07-11 17:59:58,732 - mmseg - INFO - Iter [6700/20000]	lr: 6.958e-03, eta: 4:45:57, time: 1.254, data_time: 0.009, memory: 20165, decode.loss_seg: 0.8596, decode.acc_seg: 64.6203, aux.loss_seg: 0.4022, aux.acc_seg: 61.2961, loss: 1.2618
2021-07-11 18:01:03,037 - mmseg - INFO - Iter [6750/20000]	lr: 6.935e-03, eta: 4:44:51, time: 1.283, data_time: 0.011, memory: 20165, decode.loss_seg: 0.9019, decode.acc_seg: 63.0467, aux.loss_seg: 0.4237, aux.acc_seg: 59.6875, loss: 1.3256
2021-07-11 18:02:07,854 - mmseg - INFO - Iter [6800/20000]	lr: 6.912e-03, eta: 4:43:48, time: 1.302, data_time: 0.017, memory: 20165, decode.loss_seg: 0.8800, decode.acc_seg: 63.2851, aux.loss_seg: 0.4139, aux.acc_seg: 59.9788, loss: 1.2939
2021-07-11 18:03:11,761 - mmseg - INFO - Iter [6850/20000]	lr: 6.888e-03, eta: 4:42:42, time: 1.275, data_time: 0.006, memory: 20165, decode.loss_seg: 0.8481, decode.acc_seg: 65.0363, aux.loss_seg: 0.3944, aux.acc_seg: 61.8661, loss: 1.2426
2021-07-11 18:04:13,612 - mmseg - INFO - Iter [6900/20000]	lr: 6.865e-03, eta: 4:41:33, time: 1.239, data_time: 0.010, memory: 20165, decode.loss_seg: 0.8581, decode.acc_seg: 62.3594, aux.loss_seg: 0.4043, aux.acc_seg: 59.0076, loss: 1.2624
2021-07-11 18:05:22,656 - mmseg - INFO - Iter [6950/20000]	lr: 6.842e-03, eta: 4:40:37, time: 1.382, data_time: 0.011, memory: 20165, decode.loss_seg: 0.8821, decode.acc_seg: 63.9673, aux.loss_seg: 0.4118, aux.acc_seg: 60.4834, loss: 1.2939
2021-07-11 18:06:27,150 - mmseg - INFO - Exp name: fcn_r50-d8_512x512_20k_voc12aug.py
2021-07-11 18:06:27,171 - mmseg - INFO - Iter [7000/20000]	lr: 6.819e-03, eta: 4:39:32, time: 1.290, data_time: 0.006, memory: 20165, decode.loss_seg: 0.8775, decode.acc_seg: 62.7144, aux.loss_seg: 0.4171, aux.acc_seg: 58.8535, loss: 1.2947
2021-07-11 18:07:32,561 - mmseg - INFO - Iter [7050/20000]	lr: 6.795e-03, eta: 4:38:28, time: 1.295, data_time: 0.007, memory: 20165, decode.loss_seg: 0.8423, decode.acc_seg: 64.3292, aux.loss_seg: 0.3977, aux.acc_seg: 61.1112, loss: 1.2400
2021-07-11 18:08:31,738 - mmseg - INFO - Iter [7100/20000]	lr: 6.772e-03, eta: 4:37:15, time: 1.189, data_time: 0.025, memory: 20165, decode.loss_seg: 0.8727, decode.acc_seg: 63.4413, aux.loss_seg: 0.4160, aux.acc_seg: 59.8978, loss: 1.2887
2021-07-11 18:09:39,207 - mmseg - INFO - Iter [7150/20000]	lr: 6.749e-03, eta: 4:36:16, time: 1.357, data_time: 0.013, memory: 20165, decode.loss_seg: 0.8993, decode.acc_seg: 63.3613, aux.loss_seg: 0.4199, aux.acc_seg: 59.9185, loss: 1.3191
2021-07-11 18:10:43,259 - mmseg - INFO - Iter [7200/20000]	lr: 6.726e-03, eta: 4:35:11, time: 1.281, data_time: 0.006, memory: 20165, decode.loss_seg: 0.7962, decode.acc_seg: 65.1920, aux.loss_seg: 0.3837, aux.acc_seg: 61.1511, loss: 1.1799
2021-07-11 18:11:51,058 - mmseg - INFO - Iter [7250/20000]	lr: 6.702e-03, eta: 4:34:12, time: 1.356, data_time: 0.006, memory: 20165, decode.loss_seg: 0.8590, decode.acc_seg: 64.4181, aux.loss_seg: 0.4079, aux.acc_seg: 60.1881, loss: 1.2669
2021-07-11 18:13:34,023 - mmseg - INFO - Iter [7300/20000]	lr: 6.679e-03, eta: 4:34:15, time: 2.059, data_time: 0.005, memory: 20165, decode.loss_seg: 0.8658, decode.acc_seg: 64.6032, aux.loss_seg: 0.4143, aux.acc_seg: 60.5252, loss: 1.2801
2021-07-11 18:14:41,971 - mmseg - INFO - Iter [7350/20000]	lr: 6.656e-03, eta: 4:33:15, time: 1.359, data_time: 0.008, memory: 20165, decode.loss_seg: 0.8382, decode.acc_seg: 63.8588, aux.loss_seg: 0.3990, aux.acc_seg: 60.5543, loss: 1.2371
2021-07-11 18:15:48,185 - mmseg - INFO - Iter [7400/20000]	lr: 6.632e-03, eta: 4:32:13, time: 1.324, data_time: 0.006, memory: 20165, decode.loss_seg: 0.8341, decode.acc_seg: 64.0136, aux.loss_seg: 0.3954, aux.acc_seg: 60.5814, loss: 1.2296
2021-07-11 18:16:53,214 - mmseg - INFO - Iter [7450/20000]	lr: 6.609e-03, eta: 4:31:07, time: 1.282, data_time: 0.006, memory: 20165, decode.loss_seg: 0.8312, decode.acc_seg: 64.2054, aux.loss_seg: 0.3940, aux.acc_seg: 60.7979, loss: 1.2253
2021-07-11 18:17:56,753 - mmseg - INFO - Iter [7500/20000]	lr: 6.586e-03, eta: 4:30:01, time: 1.281, data_time: 0.017, memory: 20165, decode.loss_seg: 0.8424, decode.acc_seg: 64.4730, aux.loss_seg: 0.4018, aux.acc_seg: 60.9083, loss: 1.2442
2021-07-11 18:19:01,476 - mmseg - INFO - Iter [7550/20000]	lr: 6.562e-03, eta: 4:28:56, time: 1.295, data_time: 0.007, memory: 20165, decode.loss_seg: 0.8369, decode.acc_seg: 63.9318, aux.loss_seg: 0.3977, aux.acc_seg: 60.3994, loss: 1.2346
2021-07-11 18:19:54,366 - mmseg - INFO - Iter [7600/20000]	lr: 6.539e-03, eta: 4:27:32, time: 1.058, data_time: 0.006, memory: 20165, decode.loss_seg: 0.8461, decode.acc_seg: 65.8483, aux.loss_seg: 0.3981, aux.acc_seg: 62.2080, loss: 1.2442
2021-07-11 18:20:59,198 - mmseg - INFO - Iter [7650/20000]	lr: 6.516e-03, eta: 4:26:27, time: 1.297, data_time: 0.006, memory: 20165, decode.loss_seg: 0.8238, decode.acc_seg: 64.9289, aux.loss_seg: 0.3985, aux.acc_seg: 60.9980, loss: 1.2223
2021-07-11 18:22:06,654 - mmseg - INFO - Iter [7700/20000]	lr: 6.492e-03, eta: 4:25:27, time: 1.349, data_time: 0.006, memory: 20165, decode.loss_seg: 0.8253, decode.acc_seg: 64.3647, aux.loss_seg: 0.3968, aux.acc_seg: 60.3979, loss: 1.2220
2021-07-11 18:23:12,924 - mmseg - INFO - Iter [7750/20000]	lr: 6.469e-03, eta: 4:24:24, time: 1.325, data_time: 0.006, memory: 20165, decode.loss_seg: 0.8385, decode.acc_seg: 65.8748, aux.loss_seg: 0.4026, aux.acc_seg: 61.9052, loss: 1.2411
2021-07-11 18:24:17,653 - mmseg - INFO - Iter [7800/20000]	lr: 6.445e-03, eta: 4:23:20, time: 1.295, data_time: 0.007, memory: 20165, decode.loss_seg: 0.8014, decode.acc_seg: 63.8356, aux.loss_seg: 0.3859, aux.acc_seg: 59.8596, loss: 1.1872
2021-07-11 18:25:24,230 - mmseg - INFO - Iter [7850/20000]	lr: 6.422e-03, eta: 4:22:18, time: 1.332, data_time: 0.006, memory: 20165, decode.loss_seg: 0.8007, decode.acc_seg: 64.6080, aux.loss_seg: 0.3874, aux.acc_seg: 60.7958, loss: 1.1881
2021-07-11 18:26:26,026 - mmseg - INFO - Iter [7900/20000]	lr: 6.399e-03, eta: 4:21:08, time: 1.236, data_time: 0.006, memory: 20165, decode.loss_seg: 0.8454, decode.acc_seg: 63.7140, aux.loss_seg: 0.4029, aux.acc_seg: 60.0323, loss: 1.2484
2021-07-11 18:27:56,892 - mmseg - INFO - Iter [7950/20000]	lr: 6.375e-03, eta: 4:20:43, time: 1.817, data_time: 0.014, memory: 20165, decode.loss_seg: 0.8152, decode.acc_seg: 65.0884, aux.loss_seg: 0.3857, aux.acc_seg: 61.5123, loss: 1.2009
2021-07-11 18:28:59,722 - mmseg - INFO - Saving checkpoint at 8000 iterations
2021-07-11 18:30:25,325 - mmseg - INFO - per class results:
2021-07-11 18:30:25,332 - mmseg - INFO - 
+-------------+-------+-------+
| Class       | IoU   | Acc   |
+-------------+-------+-------+
| background  | 79.32 | 87.13 |
| aeroplane   | 45.1  | 65.85 |
| bicycle     | 10.04 | 14.5  |
| bird        | 15.08 | 18.49 |
| boat        | 8.37  | 9.34  |
| bottle      | 6.86  | 7.24  |
| bus         | 17.77 | 93.57 |
| car         | 29.35 | 56.3  |
| cat         | 34.73 | 50.71 |
| chair       | 2.28  | 2.47  |
| cow         | 1.52  | 1.53  |
| diningtable | 2.1   | 2.11  |
| dog         | 23.71 | 46.29 |
| horse       | 21.04 | 29.52 |
| motorbike   | 27.61 | 51.08 |
| person      | 51.43 | 59.92 |
| pottedplant | 7.82  | 8.53  |
| sheep       | 21.12 | 25.56 |
| sofa        | 4.87  | 4.98  |
| train       | 19.35 | 47.42 |
| tvmonitor   | 26.5  | 40.82 |
+-------------+-------+-------+
2021-07-11 18:30:25,332 - mmseg - INFO - Summary:
2021-07-11 18:30:25,333 - mmseg - INFO - 
+--------+-------+-------+------+
| Scope  | mIoU  | mAcc  | aAcc |
+--------+-------+-------+------+
| global | 21.71 | 34.45 | 74.8 |
+--------+-------+-------+------+
2021-07-11 18:30:25,345 - mmseg - INFO - Exp name: fcn_r50-d8_512x512_20k_voc12aug.py
2021-07-11 18:30:25,347 - mmseg - INFO - Iter(val) [8000]	mIoU: 0.2171, mAcc: 0.3445, aAcc: 0.7480
2021-07-11 18:31:33,954 - mmseg - INFO - Iter [8050/20000]	lr: 6.328e-03, eta: 4:19:05, time: 3.029, data_time: 1.664, memory: 20165, decode.loss_seg: 0.7988, decode.acc_seg: 65.1633, aux.loss_seg: 0.3818, aux.acc_seg: 61.5862, loss: 1.1806
2021-07-11 18:32:38,777 - mmseg - INFO - Iter [8100/20000]	lr: 6.305e-03, eta: 4:18:00, time: 1.297, data_time: 0.006, memory: 20165, decode.loss_seg: 0.8696, decode.acc_seg: 63.1949, aux.loss_seg: 0.4132, aux.acc_seg: 59.5706, loss: 1.2828
2021-07-11 18:33:43,320 - mmseg - INFO - Iter [8150/20000]	lr: 6.281e-03, eta: 4:16:54, time: 1.291, data_time: 0.005, memory: 20165, decode.loss_seg: 0.8472, decode.acc_seg: 64.0319, aux.loss_seg: 0.4073, aux.acc_seg: 59.8809, loss: 1.2545
2021-07-11 18:34:52,156 - mmseg - INFO - Iter [8200/20000]	lr: 6.258e-03, eta: 4:15:55, time: 1.377, data_time: 0.005, memory: 20165, decode.loss_seg: 0.7661, decode.acc_seg: 66.2388, aux.loss_seg: 0.3759, aux.acc_seg: 62.1661, loss: 1.1420
2021-07-11 18:35:58,624 - mmseg - INFO - Iter [8250/20000]	lr: 6.234e-03, eta: 4:14:52, time: 1.330, data_time: 0.006, memory: 20165, decode.loss_seg: 0.8191, decode.acc_seg: 65.9478, aux.loss_seg: 0.3897, aux.acc_seg: 62.2856, loss: 1.2088
2021-07-11 18:37:05,694 - mmseg - INFO - Iter [8300/20000]	lr: 6.211e-03, eta: 4:13:49, time: 1.341, data_time: 0.005, memory: 20165, decode.loss_seg: 0.7643, decode.acc_seg: 66.3869, aux.loss_seg: 0.3730, aux.acc_seg: 62.3928, loss: 1.1373
2021-07-11 18:38:10,339 - mmseg - INFO - Iter [8350/20000]	lr: 6.187e-03, eta: 4:12:44, time: 1.293, data_time: 0.006, memory: 20165, decode.loss_seg: 0.8116, decode.acc_seg: 64.5129, aux.loss_seg: 0.3926, aux.acc_seg: 60.3703, loss: 1.2042
2021-07-11 18:39:13,831 - mmseg - INFO - Iter [8400/20000]	lr: 6.164e-03, eta: 4:11:36, time: 1.270, data_time: 0.006, memory: 20165, decode.loss_seg: 0.8347, decode.acc_seg: 65.2825, aux.loss_seg: 0.3998, aux.acc_seg: 61.3497, loss: 1.2345
2021-07-11 18:40:21,438 - mmseg - INFO - Iter [8450/20000]	lr: 6.140e-03, eta: 4:10:35, time: 1.352, data_time: 0.006, memory: 20165, decode.loss_seg: 0.8192, decode.acc_seg: 63.9738, aux.loss_seg: 0.3943, aux.acc_seg: 60.0431, loss: 1.2135
2021-07-11 18:41:27,537 - mmseg - INFO - Iter [8500/20000]	lr: 6.117e-03, eta: 4:09:31, time: 1.322, data_time: 0.006, memory: 20165, decode.loss_seg: 0.8468, decode.acc_seg: 63.8576, aux.loss_seg: 0.4047, aux.acc_seg: 60.0693, loss: 1.2515
2021-07-11 18:42:31,852 - mmseg - INFO - Iter [8550/20000]	lr: 6.093e-03, eta: 4:08:25, time: 1.287, data_time: 0.006, memory: 20165, decode.loss_seg: 0.8297, decode.acc_seg: 64.1941, aux.loss_seg: 0.3911, aux.acc_seg: 60.7784, loss: 1.2208
2021-07-11 18:44:08,784 - mmseg - INFO - Iter [8600/20000]	lr: 6.070e-03, eta: 4:08:02, time: 1.938, data_time: 0.005, memory: 20165, decode.loss_seg: 0.8462, decode.acc_seg: 64.3332, aux.loss_seg: 0.4014, aux.acc_seg: 60.8711, loss: 1.2476
2021-07-11 18:45:13,341 - mmseg - INFO - Iter [8650/20000]	lr: 6.046e-03, eta: 4:06:56, time: 1.287, data_time: 0.013, memory: 20165, decode.loss_seg: 0.7831, decode.acc_seg: 66.0762, aux.loss_seg: 0.3833, aux.acc_seg: 62.1422, loss: 1.1664
2021-07-11 18:46:19,802 - mmseg - INFO - Iter [8700/20000]	lr: 6.023e-03, eta: 4:05:52, time: 1.329, data_time: 0.006, memory: 20165, decode.loss_seg: 0.7988, decode.acc_seg: 65.4100, aux.loss_seg: 0.3869, aux.acc_seg: 61.7889, loss: 1.1858
2021-07-11 18:47:21,203 - mmseg - INFO - Iter [8750/20000]	lr: 5.999e-03, eta: 4:04:42, time: 1.228, data_time: 0.006, memory: 20165, decode.loss_seg: 0.8099, decode.acc_seg: 64.8695, aux.loss_seg: 0.3911, aux.acc_seg: 60.9131, loss: 1.2009
2021-07-11 18:48:27,746 - mmseg - INFO - Iter [8800/20000]	lr: 5.975e-03, eta: 4:03:38, time: 1.331, data_time: 0.006, memory: 20165, decode.loss_seg: 0.8014, decode.acc_seg: 65.4114, aux.loss_seg: 0.3912, aux.acc_seg: 61.5116, loss: 1.1925
2021-07-11 18:49:33,101 - mmseg - INFO - Iter [8850/20000]	lr: 5.952e-03, eta: 4:02:33, time: 1.307, data_time: 0.006, memory: 20165, decode.loss_seg: 0.7859, decode.acc_seg: 65.4155, aux.loss_seg: 0.3803, aux.acc_seg: 61.6020, loss: 1.1661
2021-07-11 18:50:41,071 - mmseg - INFO - Iter [8900/20000]	lr: 5.928e-03, eta: 4:01:31, time: 1.359, data_time: 0.005, memory: 20165, decode.loss_seg: 0.8171, decode.acc_seg: 64.4114, aux.loss_seg: 0.4011, aux.acc_seg: 59.7595, loss: 1.2182
2021-07-11 18:51:43,162 - mmseg - INFO - Iter [8950/20000]	lr: 5.905e-03, eta: 4:00:22, time: 1.242, data_time: 0.005, memory: 20165, decode.loss_seg: 0.7926, decode.acc_seg: 65.6491, aux.loss_seg: 0.3840, aux.acc_seg: 61.6671, loss: 1.1766
2021-07-11 18:52:48,082 - mmseg - INFO - Exp name: fcn_r50-d8_512x512_20k_voc12aug.py
2021-07-11 18:52:48,084 - mmseg - INFO - Iter [9000/20000]	lr: 5.881e-03, eta: 3:59:16, time: 1.298, data_time: 0.005, memory: 20165, decode.loss_seg: 0.8131, decode.acc_seg: 65.0758, aux.loss_seg: 0.3942, aux.acc_seg: 60.8733, loss: 1.2073
2021-07-11 18:53:55,563 - mmseg - INFO - Iter [9050/20000]	lr: 5.857e-03, eta: 3:58:13, time: 1.350, data_time: 0.006, memory: 20165, decode.loss_seg: 0.7971, decode.acc_seg: 63.9307, aux.loss_seg: 0.3814, aux.acc_seg: 60.2945, loss: 1.1785
2021-07-11 18:55:04,661 - mmseg - INFO - Iter [9100/20000]	lr: 5.834e-03, eta: 3:57:13, time: 1.382, data_time: 0.005, memory: 20165, decode.loss_seg: 0.8047, decode.acc_seg: 66.1694, aux.loss_seg: 0.3853, aux.acc_seg: 62.4737, loss: 1.1899
2021-07-11 18:56:09,436 - mmseg - INFO - Iter [9150/20000]	lr: 5.810e-03, eta: 3:56:07, time: 1.295, data_time: 0.006, memory: 20165, decode.loss_seg: 0.7906, decode.acc_seg: 65.6076, aux.loss_seg: 0.3819, aux.acc_seg: 61.6850, loss: 1.1725
2021-07-11 18:57:17,879 - mmseg - INFO - Iter [9200/20000]	lr: 5.786e-03, eta: 3:55:05, time: 1.369, data_time: 0.007, memory: 20165, decode.loss_seg: 0.7725, decode.acc_seg: 65.4926, aux.loss_seg: 0.3794, aux.acc_seg: 61.3127, loss: 1.1519
2021-07-11 18:58:25,755 - mmseg - INFO - Iter [9250/20000]	lr: 5.763e-03, eta: 3:54:03, time: 1.357, data_time: 0.006, memory: 20165, decode.loss_seg: 0.7360, decode.acc_seg: 66.1018, aux.loss_seg: 0.3630, aux.acc_seg: 62.0281, loss: 1.0989
2021-07-11 18:59:55,174 - mmseg - INFO - Iter [9300/20000]	lr: 5.739e-03, eta: 3:53:25, time: 1.789, data_time: 0.006, memory: 20165, decode.loss_seg: 0.8037, decode.acc_seg: 64.9098, aux.loss_seg: 0.3910, aux.acc_seg: 61.0626, loss: 1.1947
2021-07-11 19:01:02,925 - mmseg - INFO - Iter [9350/20000]	lr: 5.715e-03, eta: 3:52:23, time: 1.355, data_time: 0.006, memory: 20165, decode.loss_seg: 0.7595, decode.acc_seg: 66.3134, aux.loss_seg: 0.3747, aux.acc_seg: 62.2026, loss: 1.1342
2021-07-11 19:01:53,552 - mmseg - INFO - Iter [9400/20000]	lr: 5.691e-03, eta: 3:51:00, time: 1.012, data_time: 0.006, memory: 20165, decode.loss_seg: 0.7999, decode.acc_seg: 64.3399, aux.loss_seg: 0.3935, aux.acc_seg: 60.3444, loss: 1.1934
2021-07-11 19:02:56,015 - mmseg - INFO - Iter [9450/20000]	lr: 5.668e-03, eta: 3:49:52, time: 1.250, data_time: 0.006, memory: 20165, decode.loss_seg: 0.7841, decode.acc_seg: 65.3177, aux.loss_seg: 0.3854, aux.acc_seg: 61.0320, loss: 1.1695
2021-07-11 19:03:56,004 - mmseg - INFO - Iter [9500/20000]	lr: 5.644e-03, eta: 3:48:40, time: 1.197, data_time: 0.005, memory: 20165, decode.loss_seg: 0.7266, decode.acc_seg: 66.0184, aux.loss_seg: 0.3593, aux.acc_seg: 61.8911, loss: 1.0859
2021-07-11 19:04:58,718 - mmseg - INFO - Iter [9550/20000]	lr: 5.620e-03, eta: 3:47:32, time: 1.257, data_time: 0.008, memory: 20165, decode.loss_seg: 0.7705, decode.acc_seg: 66.4543, aux.loss_seg: 0.3780, aux.acc_seg: 62.2163, loss: 1.1486
2021-07-11 19:05:48,423 - mmseg - INFO - Iter [9600/20000]	lr: 5.596e-03, eta: 3:46:10, time: 0.994, data_time: 0.006, memory: 20165, decode.loss_seg: 0.7665, decode.acc_seg: 65.8745, aux.loss_seg: 0.3761, aux.acc_seg: 61.4736, loss: 1.1426
2021-07-11 19:06:52,254 - mmseg - INFO - Iter [9650/20000]	lr: 5.573e-03, eta: 3:45:02, time: 1.258, data_time: 0.005, memory: 20165, decode.loss_seg: 0.7921, decode.acc_seg: 65.8672, aux.loss_seg: 0.3923, aux.acc_seg: 61.6331, loss: 1.1844
2021-07-11 19:07:55,814 - mmseg - INFO - Iter [9700/20000]	lr: 5.549e-03, eta: 3:43:56, time: 1.289, data_time: 0.036, memory: 20165, decode.loss_seg: 0.7861, decode.acc_seg: 65.2114, aux.loss_seg: 0.3860, aux.acc_seg: 61.0062, loss: 1.1721
2021-07-11 19:08:42,725 - mmseg - INFO - Iter [9750/20000]	lr: 5.525e-03, eta: 3:42:32, time: 0.939, data_time: 0.006, memory: 20165, decode.loss_seg: 0.7846, decode.acc_seg: 65.4824, aux.loss_seg: 0.3758, aux.acc_seg: 61.6776, loss: 1.1603
2021-07-11 19:09:49,129 - mmseg - INFO - Iter [9800/20000]	lr: 5.501e-03, eta: 3:41:28, time: 1.327, data_time: 0.006, memory: 20165, decode.loss_seg: 0.7975, decode.acc_seg: 66.2301, aux.loss_seg: 0.3890, aux.acc_seg: 61.9527, loss: 1.1865
2021-07-11 19:10:44,021 - mmseg - INFO - Iter [9850/20000]	lr: 5.477e-03, eta: 3:40:12, time: 1.099, data_time: 0.007, memory: 20165, decode.loss_seg: 0.7713, decode.acc_seg: 65.7232, aux.loss_seg: 0.3760, aux.acc_seg: 61.6203, loss: 1.1472
2021-07-11 19:11:51,503 - mmseg - INFO - Iter [9900/20000]	lr: 5.453e-03, eta: 3:39:09, time: 1.337, data_time: 0.007, memory: 20165, decode.loss_seg: 0.8441, decode.acc_seg: 64.2144, aux.loss_seg: 0.4027, aux.acc_seg: 60.4034, loss: 1.2468
2021-07-11 19:13:47,998 - mmseg - INFO - Iter [9950/20000]	lr: 5.430e-03, eta: 3:38:56, time: 2.334, data_time: 0.021, memory: 20165, decode.loss_seg: 0.7534, decode.acc_seg: 67.2671, aux.loss_seg: 0.3737, aux.acc_seg: 62.8221, loss: 1.1271
2021-07-11 19:14:43,208 - mmseg - INFO - Saving checkpoint at 10000 iterations
2021-07-11 19:16:40,165 - mmseg - INFO - per class results:
2021-07-11 19:16:40,297 - mmseg - INFO - 
+-------------+-------+-------+
| Class       | IoU   | Acc   |
+-------------+-------+-------+
| background  | 85.9  | 93.91 |
| aeroplane   | 55.67 | 63.54 |
| bicycle     | 19.08 | 52.61 |
| bird        | 22.68 | 33.19 |
| boat        | 19.88 | 25.75 |
| bottle      | 19.47 | 22.93 |
| bus         | 53.21 | 66.5  |
| car         | 43.91 | 71.68 |
| cat         | 37.35 | 50.24 |
| chair       | 6.23  | 7.09  |
| cow         | 10.2  | 10.89 |
| diningtable | 10.62 | 10.99 |
| dog         | 29.55 | 56.23 |
| horse       | 22.13 | 30.33 |
| motorbike   | 33.18 | 68.78 |
| person      | 55.9  | 79.84 |
| pottedplant | 9.42  | 11.35 |
| sheep       | 28.34 | 51.81 |
| sofa        | 9.67  | 10.09 |
| train       | 45.71 | 55.24 |
| tvmonitor   | 34.2  | 51.31 |
+-------------+-------+-------+
2021-07-11 19:16:40,297 - mmseg - INFO - Summary:
2021-07-11 19:16:40,297 - mmseg - INFO - 
+--------+-------+-------+-------+
| Scope  | mIoU  | mAcc  | aAcc  |
+--------+-------+-------+-------+
| global | 31.06 | 44.01 | 82.17 |
+--------+-------+-------+-------+
2021-07-11 19:16:40,311 - mmseg - INFO - Exp name: fcn_r50-d8_512x512_20k_voc12aug.py
2021-07-11 19:16:40,311 - mmseg - INFO - Iter(val) [10000]	mIoU: 0.3106, mAcc: 0.4401, aAcc: 0.8217
2021-07-11 19:17:37,686 - mmseg - INFO - Iter [10050/20000]	lr: 5.382e-03, eta: 3:37:25, time: 3.410, data_time: 2.270, memory: 20165, decode.loss_seg: 0.7887, decode.acc_seg: 65.2747, aux.loss_seg: 0.3876, aux.acc_seg: 61.2248, loss: 1.1762
2021-07-11 19:18:33,952 - mmseg - INFO - Iter [10100/20000]	lr: 5.358e-03, eta: 3:36:10, time: 1.122, data_time: 0.007, memory: 20165, decode.loss_seg: 0.7824, decode.acc_seg: 65.9903, aux.loss_seg: 0.3822, aux.acc_seg: 62.0544, loss: 1.1646
2021-07-11 19:19:33,329 - mmseg - INFO - Iter [10150/20000]	lr: 5.334e-03, eta: 3:34:59, time: 1.191, data_time: 0.010, memory: 20165, decode.loss_seg: 0.7332, decode.acc_seg: 67.0572, aux.loss_seg: 0.3646, aux.acc_seg: 62.8768, loss: 1.0978
2021-07-11 19:20:26,585 - mmseg - INFO - Iter [10200/20000]	lr: 5.310e-03, eta: 3:33:41, time: 1.065, data_time: 0.011, memory: 20165, decode.loss_seg: 0.7588, decode.acc_seg: 66.3656, aux.loss_seg: 0.3697, aux.acc_seg: 62.5386, loss: 1.1284
2021-07-11 19:21:18,260 - mmseg - INFO - Iter [10250/20000]	lr: 5.286e-03, eta: 3:32:23, time: 1.032, data_time: 0.009, memory: 20165, decode.loss_seg: 0.7420, decode.acc_seg: 67.0534, aux.loss_seg: 0.3704, aux.acc_seg: 62.3515, loss: 1.1123
2021-07-11 19:22:11,627 - mmseg - INFO - Iter [10300/20000]	lr: 5.262e-03, eta: 3:31:06, time: 1.070, data_time: 0.008, memory: 20165, decode.loss_seg: 0.7462, decode.acc_seg: 66.0826, aux.loss_seg: 0.3749, aux.acc_seg: 61.6140, loss: 1.1211
2021-07-11 19:23:09,036 - mmseg - INFO - Iter [10350/20000]	lr: 5.238e-03, eta: 3:29:52, time: 1.107, data_time: 0.006, memory: 20165, decode.loss_seg: 0.8049, decode.acc_seg: 66.5142, aux.loss_seg: 0.3974, aux.acc_seg: 61.6997, loss: 1.2024
2021-07-11 19:24:09,343 - mmseg - INFO - Iter [10400/20000]	lr: 5.214e-03, eta: 3:28:36, time: 1.084, data_time: 0.069, memory: 20165, decode.loss_seg: 0.7603, decode.acc_seg: 66.5865, aux.loss_seg: 0.3703, aux.acc_seg: 62.8126, loss: 1.1306
2021-07-11 19:25:14,235 - mmseg - INFO - Iter [10450/20000]	lr: 5.190e-03, eta: 3:27:38, time: 1.460, data_time: 0.179, memory: 20165, decode.loss_seg: 0.8147, decode.acc_seg: 65.9942, aux.loss_seg: 0.3959, aux.acc_seg: 61.9121, loss: 1.2105
2021-07-11 19:26:17,409 - mmseg - INFO - Iter [10500/20000]	lr: 5.166e-03, eta: 3:26:31, time: 1.261, data_time: 0.005, memory: 20165, decode.loss_seg: 0.7441, decode.acc_seg: 67.1229, aux.loss_seg: 0.3751, aux.acc_seg: 62.4281, loss: 1.1192
2021-07-11 19:27:07,233 - mmseg - INFO - Iter [10550/20000]	lr: 5.142e-03, eta: 3:25:12, time: 0.998, data_time: 0.041, memory: 20165, decode.loss_seg: 0.7666, decode.acc_seg: 65.3973, aux.loss_seg: 0.3753, aux.acc_seg: 61.2867, loss: 1.1419
